        -:    0:Source:C:/Users/Rami y Santi/Desktop/UBA Exactas/Segundo Cuatrimestre 2021/Algo1/Parciales y Tps/TPI/Nueva carpeta/template-alumnos/test/esEncuestaValidaTEST.cpp
        -:    0:Graph:C:\Users\Rami y Santi\Desktop\UBA Exactas\Segundo Cuatrimestre 2021\Algo1\Parciales y Tps\TPI\Nueva carpeta\template-alumnos\cmake-build-debug\CMakeFiles\tpi.dir\test\esEncuestaValidaTEST.gcno
        -:    0:Data:C:\Users\Rami y Santi\Desktop\UBA Exactas\Segundo Cuatrimestre 2021\Algo1\Parciales y Tps\TPI\Nueva carpeta\template-alumnos\cmake-build-debug\CMakeFiles\tpi.dir\test\esEncuestaValidaTEST.gcda
        -:    0:Runs:1
        -:    0:Programs:1
        -:    1:#include "../definiciones.h"
        -:    2:#include "../Funciones_TPI.h"
        -:    3:#include "../ejercicios.h"
        -:    4:#include "gtest/gtest.h"
        -:    5:#include <iostream>
        -:    6:#include <string>
        -:    7:#include "../auxiliares.h"
        -:    8:
        -:    9:using namespace std;
        -:   10:
function _ZN32esEncuestaValidaTEST_valida_TestD0Ev called 1 returned 100% blocks executed 100%
function _ZN32esEncuestaValidaTEST_valida_TestD1Ev called 1 returned 100% blocks executed 100%
function _ZN32esEncuestaValidaTEST_valida_Test8TestBodyEv called 1 returned 100% blocks executed 51%
function _ZN32esEncuestaValidaTEST_valida_TestC1Ev called 1 returned 100% blocks executed 100%
        8:   11:TEST(esEncuestaValidaTEST, valida) {
call    0 returned 1
call    1 returned 1
call    2 returned 1
call    3 returned 1
call    4 returned 1
branch  5 taken 1 (fallthrough)
branch  6 taken 0 (throw)
        1:   11-block  0
call    7 returned 1
branch  8 taken 1 (fallthrough)
branch  9 taken 0 (throw)
        1:   11-block  1
call   10 returned 1
branch 11 taken 1 (fallthrough)
branch 12 taken 0 (throw)
        1:   11-block  2
call   13 returned 1
call   14 returned 1
call   15 returned 1
    %%%%%:   11-block  3
call   16 never executed
    %%%%%:   11-block  4
call   17 never executed
    %%%%%:   11-block  5
call   18 never executed
call   19 never executed
        1:   11-block  6
        1:   11-block  7
call   20 returned 1
call   21 returned 1
        1:   11-block  8
        1:   11-block  9
call   22 returned 1
        1:   11-block 10
        1:   11-block 11
        1:   11-block 12
call   23 returned 1
        -:   12:
        -:   13:    eph_h th = {{22114, 2020,   3,  319611, 629088, 3,  41, 0,  1,  3,  1,  2},
        -:   14:                {31117, 2020,   3,  332870, 642475, 3,  40, 0,  1,  6,  6,  2},
        -:   15:                {22866, 2020,   3,  317157, 627217, 2,  42, 1,  1,  2,  2,  2},
        6:   16:                {20957, 2020,   3,  313965, 623297, 1,  43, 0,  1,  3,  1,  2}};
        1:   16-block  0
call    0 returned 1
call    1 returned 1
branch  2 taken 1 (fallthrough)
branch  3 taken 0 (throw)
        1:   16-block  1
call    4 returned 1
call    5 returned 1
branch  6 taken 1 (fallthrough)
branch  7 taken 0 (throw)
        1:   16-block  2
call    8 returned 1
call    9 returned 1
branch 10 taken 1 (fallthrough)
branch 11 taken 0 (throw)
        1:   16-block  3
call   12 returned 1
call   13 returned 1
branch 14 taken 1 (fallthrough)
branch 15 taken 0 (throw)
        1:   16-block  4
call   16 returned 1
call   17 returned 1
branch 18 taken 1 (fallthrough)
branch 19 taken 0 (throw)
        1:   16-block  5
call   20 returned 1
        5:   16-block  6
branch 21 taken 4 (fallthrough)
branch 22 taken 1
        4:   16-block  7
call   23 returned 4
        1:   16-block  8
call   24 returned 1
call   25 returned 1
call   26 returned 1
call   27 returned 1
call   28 returned 1
    %%%%%:   16-block  9
    %%%%%:   16-block 10
branch 29 never executed
branch 30 never executed
    %%%%%:   16-block 11
call   31 never executed
    %%%%%:   16-block 12
    %%%%%:   16-block 13
call   32 never executed
    %%%%%:   16-block 14
call   33 never executed
    %%%%%:   16-block 15
call   34 never executed
    %%%%%:   16-block 16
call   35 never executed
    %%%%%:   16-block 17
call   36 never executed
    %%%%%:   16-block 18
call   37 never executed
        -:   17:
        -:   18:    eph_i ti = {{20957, 2020,   1,  1,  3,  1,  88, 0,  0,  90000,  10},
        -:   19:                {20957, 2020,   2,  1,  3,  2,  82, 0,  0,  25000,  10},
        -:   20:                {31117, 2020,   1,  0,  3,  1,  58, 1,  3,  22000,  1},
        -:   21:                {31117, 2020,   2,  0,  3,  2,  54, 1,  1,  -1,     1},
        -:   22:                {31117, 2020,   3,  0,  3,  2,  46, 1,  3,  17000,  1},
        -:   23:                {31117, 2020,   4,  0,  3,  1,  20, 1,  3,  5000,   1},
        -:   24:                {31117, 2020,   5,  0,  3,  2,  15, 0,  0,  5000,   10},
        -:   25:                {31117, 2020,   6,  0,  3,  1,  7,  0,  0,  0,      10},
        -:   26:                {31117, 2020,   8,  0,  3,  2,  11, 0,  0,  0,      10},
        -:   27:                {31117, 2020,   9,  0,  3,  1,  50, 0,  2,  0,      10},
        -:   28:                {31117, 2020,   10, 0,  3,  1,  28, 1,  3,  5000,   1},
        -:   29:                {22866, 2020,   1,  0,  3,  1,  31, 1,  3,  59000,  10},
        -:   30:                {22866, 2020,   2,  1,  3,  2,  28, 1,  3,  0,      6},
       16:   31:                {22114, 2020,   1,  0,  3,  1,  18, 0,  0,  20000,  10}};
call    0 returned 1
call    1 returned 1
branch  2 taken 1 (fallthrough)
branch  3 taken 0 (throw)
        1:   31-block  0
call    4 returned 1
call    5 returned 1
branch  6 taken 1 (fallthrough)
branch  7 taken 0 (throw)
        1:   31-block  1
call    8 returned 1
call    9 returned 1
branch 10 taken 1 (fallthrough)
branch 11 taken 0 (throw)
        1:   31-block  2
call   12 returned 1
call   13 returned 1
branch 14 taken 1 (fallthrough)
branch 15 taken 0 (throw)
        1:   31-block  3
call   16 returned 1
call   17 returned 1
branch 18 taken 1 (fallthrough)
branch 19 taken 0 (throw)
        1:   31-block  4
call   20 returned 1
call   21 returned 1
branch 22 taken 1 (fallthrough)
branch 23 taken 0 (throw)
        1:   31-block  5
call   24 returned 1
call   25 returned 1
branch 26 taken 1 (fallthrough)
branch 27 taken 0 (throw)
        1:   31-block  6
call   28 returned 1
call   29 returned 1
branch 30 taken 1 (fallthrough)
branch 31 taken 0 (throw)
        1:   31-block  7
call   32 returned 1
call   33 returned 1
branch 34 taken 1 (fallthrough)
branch 35 taken 0 (throw)
        1:   31-block  8
call   36 returned 1
call   37 returned 1
branch 38 taken 1 (fallthrough)
branch 39 taken 0 (throw)
        1:   31-block  9
call   40 returned 1
call   41 returned 1
branch 42 taken 1 (fallthrough)
branch 43 taken 0 (throw)
        1:   31-block 10
call   44 returned 1
call   45 returned 1
branch 46 taken 1 (fallthrough)
branch 47 taken 0 (throw)
        1:   31-block 11
call   48 returned 1
call   49 returned 1
branch 50 taken 1 (fallthrough)
branch 51 taken 0 (throw)
        1:   31-block 12
call   52 returned 1
call   53 returned 1
branch 54 taken 1 (fallthrough)
branch 55 taken 0 (throw)
        1:   31-block 13
call   56 returned 1
call   57 returned 1
branch 58 taken 1 (fallthrough)
branch 59 taken 0 (throw)
        1:   31-block 14
call   60 returned 1
       15:   31-block 15
branch 61 taken 14 (fallthrough)
branch 62 taken 1
       14:   31-block 16
call   63 returned 14
        1:   31-block 17
call   64 returned 1
call   65 returned 1
call   66 returned 1
call   67 returned 1
call   68 returned 1
call   69 returned 1
call   70 returned 1
call   71 returned 1
call   72 returned 1
call   73 returned 1
call   74 returned 1
call   75 returned 1
call   76 returned 1
call   77 returned 1
call   78 returned 1
    %%%%%:   31-block 18
    %%%%%:   31-block 19
branch 79 never executed
branch 80 never executed
    %%%%%:   31-block 20
call   81 never executed
    %%%%%:   31-block 21
    %%%%%:   31-block 22
call   82 never executed
    %%%%%:   31-block 23
call   83 never executed
    %%%%%:   31-block 24
call   84 never executed
    %%%%%:   31-block 25
call   85 never executed
    %%%%%:   31-block 26
call   86 never executed
    %%%%%:   31-block 27
call   87 never executed
    %%%%%:   31-block 28
call   88 never executed
    %%%%%:   31-block 29
call   89 never executed
    %%%%%:   31-block 30
call   90 never executed
    %%%%%:   31-block 31
call   91 never executed
    %%%%%:   31-block 32
call   92 never executed
    %%%%%:   31-block 33
call   93 never executed
    %%%%%:   31-block 34
call   94 never executed
    %%%%%:   31-block 35
call   95 never executed
    %%%%%:   31-block 36
call   96 never executed
        -:   32:
        1:   33:    EXPECT_TRUE(esEncuestaValida(th, ti));
call    0 returned 1
branch  1 taken 1 (fallthrough)
branch  2 taken 0 (throw)
        1:   33-block  0
call    3 returned 1
branch  4 taken 1 (fallthrough)
branch  5 taken 0 (throw)
        1:   33-block  1
call    6 returned 1
branch  7 taken 1 (fallthrough)
branch  8 taken 0 (throw)
        1:   33-block  2
call    9 returned 1
branch 10 taken 1 (fallthrough)
branch 11 taken 0 (throw)
        1:   33-block  3
call   12 returned 1
call   13 returned 1
call   14 returned 1
branch 15 taken 0 (fallthrough)
branch 16 taken 1
    $$$$$:   33-block  4
call   17 never executed
branch 18 never executed
branch 19 never executed
    $$$$$:   33-block  5
call   20 never executed
branch 21 never executed
branch 22 never executed
    $$$$$:   33-block  6
call   23 never executed
call   24 never executed
branch 25 never executed
branch 26 never executed
    $$$$$:   33-block  7
call   27 never executed
branch 28 never executed
branch 29 never executed
    $$$$$:   33-block  8
call   30 never executed
call   31 never executed
call   32 never executed
        1:   33-block  9
call   33 returned 1
    %%%%%:   33-block 10
    %%%%%:   33-block 11
call   34 never executed
    %%%%%:   33-block 12
call   35 never executed
    %%%%%:   33-block 13
call   36 never executed
    %%%%%:   33-block 14
call   37 never executed
    %%%%%:   33-block 15
call   38 never executed
    %%%%%:   33-block 16
call   39 never executed
    %%%%%:   33-block 17
        1:   34:}
    %%%%%:   34-block  0
call    0 never executed
        -:   35:
function _ZN44esEncuestaValidaTEST_invalidaSinHogares_TestD0Ev called 1 returned 100% blocks executed 100%
function _ZN44esEncuestaValidaTEST_invalidaSinHogares_TestD1Ev called 1 returned 100% blocks executed 100%
function _ZN44esEncuestaValidaTEST_invalidaSinHogares_Test8TestBodyEv called 1 returned 100% blocks executed 45%
function _ZN44esEncuestaValidaTEST_invalidaSinHogares_TestC1Ev called 1 returned 100% blocks executed 100%
        8:   36:TEST(esEncuestaValidaTEST, invalidaSinHogares) {
call    0 returned 1
call    1 returned 1
call    2 returned 1
call    3 returned 1
call    4 returned 1
branch  5 taken 1 (fallthrough)
branch  6 taken 0 (throw)
        1:   36-block  0
call    7 returned 1
branch  8 taken 1 (fallthrough)
branch  9 taken 0 (throw)
        1:   36-block  1
call   10 returned 1
branch 11 taken 1 (fallthrough)
branch 12 taken 0 (throw)
        1:   36-block  2
call   13 returned 1
call   14 returned 1
call   15 returned 1
    %%%%%:   36-block  3
call   16 never executed
    %%%%%:   36-block  4
call   17 never executed
    %%%%%:   36-block  5
call   18 never executed
call   19 never executed
        1:   36-block  6
        1:   36-block  7
call   20 returned 1
call   21 returned 1
        1:   36-block  8
        1:   36-block  9
call   22 returned 1
        1:   36-block 10
        1:   36-block 11
        1:   36-block 12
call   23 returned 1
        -:   37:
        2:   38:    eph_h th = {};
        1:   38-block  0
call    0 returned 1
call    1 returned 1
    %%%%%:   38-block  1
call    2 never executed
        -:   39:
        -:   40:    eph_i ti = {{20957, 2020,   1,  1,  3,  1,  88, 0,  0,  90000,  10},
        -:   41:                {20957, 2020,   2,  1,  3,  2,  82, 0,  0,  25000,  10},
        -:   42:                {22866, 2020,   1,  0,  3,  1,  31, 1,  3,  59000,  10},
        -:   43:                {22866, 2020,   2,  1,  3,  2,  28, 1,  3,  0,      6},
        7:   44:                {22114, 2020,   1,  0,  3,  1,  18, 0,  0,  20000,  10}};
call    0 returned 1
call    1 returned 1
branch  2 taken 1 (fallthrough)
branch  3 taken 0 (throw)
        1:   44-block  0
call    4 returned 1
call    5 returned 1
branch  6 taken 1 (fallthrough)
branch  7 taken 0 (throw)
        1:   44-block  1
call    8 returned 1
call    9 returned 1
branch 10 taken 1 (fallthrough)
branch 11 taken 0 (throw)
        1:   44-block  2
call   12 returned 1
call   13 returned 1
branch 14 taken 1 (fallthrough)
branch 15 taken 0 (throw)
        1:   44-block  3
call   16 returned 1
call   17 returned 1
branch 18 taken 1 (fallthrough)
branch 19 taken 0 (throw)
        1:   44-block  4
call   20 returned 1
call   21 returned 1
branch 22 taken 1 (fallthrough)
branch 23 taken 0 (throw)
        1:   44-block  5
call   24 returned 1
        6:   44-block  6
branch 25 taken 5 (fallthrough)
branch 26 taken 1
        5:   44-block  7
call   27 returned 5
        1:   44-block  8
call   28 returned 1
call   29 returned 1
call   30 returned 1
call   31 returned 1
call   32 returned 1
call   33 returned 1
    %%%%%:   44-block  9
    %%%%%:   44-block 10
branch 34 never executed
branch 35 never executed
    %%%%%:   44-block 11
call   36 never executed
    %%%%%:   44-block 12
    %%%%%:   44-block 13
call   37 never executed
    %%%%%:   44-block 14
call   38 never executed
    %%%%%:   44-block 15
call   39 never executed
    %%%%%:   44-block 16
call   40 never executed
    %%%%%:   44-block 17
call   41 never executed
    %%%%%:   44-block 18
call   42 never executed
        -:   45:
        1:   46:    EXPECT_FALSE(esEncuestaValida(th, ti));
call    0 returned 1
branch  1 taken 1 (fallthrough)
branch  2 taken 0 (throw)
        1:   46-block  0
call    3 returned 1
branch  4 taken 1 (fallthrough)
branch  5 taken 0 (throw)
        1:   46-block  1
call    6 returned 1
branch  7 taken 1 (fallthrough)
branch  8 taken 0 (throw)
        1:   46-block  2
call    9 returned 1
branch 10 taken 1 (fallthrough)
branch 11 taken 0 (throw)
        1:   46-block  3
call   12 returned 1
call   13 returned 1
call   14 returned 1
branch 15 taken 0 (fallthrough)
branch 16 taken 1
    $$$$$:   46-block  4
call   17 never executed
branch 18 never executed
branch 19 never executed
    $$$$$:   46-block  5
call   20 never executed
branch 21 never executed
branch 22 never executed
    $$$$$:   46-block  6
call   23 never executed
call   24 never executed
branch 25 never executed
branch 26 never executed
    $$$$$:   46-block  7
call   27 never executed
branch 28 never executed
branch 29 never executed
    $$$$$:   46-block  8
call   30 never executed
call   31 never executed
call   32 never executed
        1:   46-block  9
call   33 returned 1
    %%%%%:   46-block 10
    %%%%%:   46-block 11
call   34 never executed
    %%%%%:   46-block 12
call   35 never executed
    %%%%%:   46-block 13
call   36 never executed
    %%%%%:   46-block 14
call   37 never executed
    %%%%%:   46-block 15
call   38 never executed
    %%%%%:   46-block 16
call   39 never executed
    %%%%%:   46-block 17
        1:   47:}
    %%%%%:   47-block  0
call    0 never executed
        -:   48:
function _ZN64esEncuestaValidaTEST_invalidaSinTodosLosAtributosIndividuos_TestD0Ev called 1 returned 100% blocks executed 100%
function _ZN64esEncuestaValidaTEST_invalidaSinTodosLosAtributosIndividuos_TestD1Ev called 1 returned 100% blocks executed 100%
function _ZN64esEncuestaValidaTEST_invalidaSinTodosLosAtributosIndividuos_Test8TestBodyEv called 1 returned 100% blocks executed 43%
function _ZN64esEncuestaValidaTEST_invalidaSinTodosLosAtributosIndividuos_TestC1Ev called 1 returned 100% blocks executed 100%
        8:   49:TEST(esEncuestaValidaTEST, invalidaSinTodosLosAtributosIndividuos) {
call    0 returned 1
call    1 returned 1
call    2 returned 1
call    3 returned 1
call    4 returned 1
branch  5 taken 1 (fallthrough)
branch  6 taken 0 (throw)
        1:   49-block  0
call    7 returned 1
branch  8 taken 1 (fallthrough)
branch  9 taken 0 (throw)
        1:   49-block  1
call   10 returned 1
branch 11 taken 1 (fallthrough)
branch 12 taken 0 (throw)
        1:   49-block  2
call   13 returned 1
call   14 returned 1
call   15 returned 1
    %%%%%:   49-block  3
call   16 never executed
    %%%%%:   49-block  4
call   17 never executed
    %%%%%:   49-block  5
call   18 never executed
call   19 never executed
        1:   49-block  6
        1:   49-block  7
call   20 returned 1
call   21 returned 1
        1:   49-block  8
        1:   49-block  9
call   22 returned 1
        1:   49-block 10
        1:   49-block 11
        1:   49-block 12
call   23 returned 1
        3:   50:    eph_h th = {{22114, 2020,   3,  319611, 629088, 3,  41, 0,  1,  3,  1,  2}};
        1:   50-block  0
call    0 returned 1
call    1 returned 1
branch  2 taken 1 (fallthrough)
branch  3 taken 0 (throw)
        1:   50-block  1
call    4 returned 1
call    5 returned 1
branch  6 taken 1 (fallthrough)
branch  7 taken 0 (throw)
        1:   50-block  2
call    8 returned 1
        2:   50-block  3
branch  9 taken 1 (fallthrough)
branch 10 taken 1
        1:   50-block  4
call   11 returned 1
        1:   50-block  5
call   12 returned 1
call   13 returned 1
    %%%%%:   50-block  6
    %%%%%:   50-block  7
branch 14 never executed
branch 15 never executed
    %%%%%:   50-block  8
call   16 never executed
    %%%%%:   50-block  9
    %%%%%:   50-block 10
call   17 never executed
    %%%%%:   50-block 11
call   18 never executed
    %%%%%:   50-block 12
call   19 never executed
        -:   51:    eph_i ti = {{22114},
        4:   52:                {22114, 2020}};
call    0 returned 1
call    1 returned 1
branch  2 taken 1 (fallthrough)
branch  3 taken 0 (throw)
        1:   52-block  0
call    4 returned 1
call    5 returned 1
branch  6 taken 1 (fallthrough)
branch  7 taken 0 (throw)
        1:   52-block  1
call    8 returned 1
call    9 returned 1
branch 10 taken 1 (fallthrough)
branch 11 taken 0 (throw)
        1:   52-block  2
call   12 returned 1
        3:   52-block  3
branch 13 taken 2 (fallthrough)
branch 14 taken 1
        2:   52-block  4
call   15 returned 2
        1:   52-block  5
call   16 returned 1
call   17 returned 1
call   18 returned 1
    %%%%%:   52-block  6
    %%%%%:   52-block  7
branch 19 never executed
branch 20 never executed
    %%%%%:   52-block  8
call   21 never executed
    %%%%%:   52-block  9
    %%%%%:   52-block 10
call   22 never executed
    %%%%%:   52-block 11
call   23 never executed
    %%%%%:   52-block 12
call   24 never executed
        -:   53:
        1:   54:    EXPECT_FALSE(esEncuestaValida(th, ti));
call    0 returned 1
branch  1 taken 1 (fallthrough)
branch  2 taken 0 (throw)
        1:   54-block  0
call    3 returned 1
branch  4 taken 1 (fallthrough)
branch  5 taken 0 (throw)
        1:   54-block  1
call    6 returned 1
branch  7 taken 1 (fallthrough)
branch  8 taken 0 (throw)
        1:   54-block  2
call    9 returned 1
branch 10 taken 1 (fallthrough)
branch 11 taken 0 (throw)
        1:   54-block  3
call   12 returned 1
call   13 returned 1
call   14 returned 1
branch 15 taken 0 (fallthrough)
branch 16 taken 1
    $$$$$:   54-block  4
call   17 never executed
branch 18 never executed
branch 19 never executed
    $$$$$:   54-block  5
call   20 never executed
branch 21 never executed
branch 22 never executed
    $$$$$:   54-block  6
call   23 never executed
call   24 never executed
branch 25 never executed
branch 26 never executed
    $$$$$:   54-block  7
call   27 never executed
branch 28 never executed
branch 29 never executed
    $$$$$:   54-block  8
call   30 never executed
call   31 never executed
call   32 never executed
        1:   54-block  9
call   33 returned 1
    %%%%%:   54-block 10
    %%%%%:   54-block 11
call   34 never executed
    %%%%%:   54-block 12
call   35 never executed
    %%%%%:   54-block 13
call   36 never executed
    %%%%%:   54-block 14
call   37 never executed
    %%%%%:   54-block 15
call   38 never executed
    %%%%%:   54-block 16
call   39 never executed
    %%%%%:   54-block 17
        1:   55:}
    %%%%%:   55-block  0
call    0 never executed
        -:   56:
function _ZN61esEncuestaValidaTEST_invalidaSinTodosLosAtributosHogares_TestD0Ev called 1 returned 100% blocks executed 100%
function _ZN61esEncuestaValidaTEST_invalidaSinTodosLosAtributosHogares_TestD1Ev called 1 returned 100% blocks executed 100%
function _ZN61esEncuestaValidaTEST_invalidaSinTodosLosAtributosHogares_Test8TestBodyEv called 1 returned 100% blocks executed 41%
function _ZN61esEncuestaValidaTEST_invalidaSinTodosLosAtributosHogares_TestC1Ev called 1 returned 100% blocks executed 100%
        8:   57:TEST(esEncuestaValidaTEST, invalidaSinTodosLosAtributosHogares) {
call    0 returned 1
call    1 returned 1
call    2 returned 1
call    3 returned 1
call    4 returned 1
branch  5 taken 1 (fallthrough)
branch  6 taken 0 (throw)
        1:   57-block  0
call    7 returned 1
branch  8 taken 1 (fallthrough)
branch  9 taken 0 (throw)
        1:   57-block  1
call   10 returned 1
branch 11 taken 1 (fallthrough)
branch 12 taken 0 (throw)
        1:   57-block  2
call   13 returned 1
call   14 returned 1
call   15 returned 1
    %%%%%:   57-block  3
call   16 never executed
    %%%%%:   57-block  4
call   17 never executed
    %%%%%:   57-block  5
call   18 never executed
call   19 never executed
        1:   57-block  6
        1:   57-block  7
call   20 returned 1
call   21 returned 1
        1:   57-block  8
        1:   57-block  9
call   22 returned 1
        1:   57-block 10
        1:   57-block 11
        1:   57-block 12
call   23 returned 1
        3:   58:    eph_h th = {{}};
        1:   58-block  0
call    0 returned 1
call    1 returned 1
call    2 returned 1
branch  3 taken 1 (fallthrough)
branch  4 taken 0 (throw)
        1:   58-block  1
call    5 returned 1
        2:   58-block  2
branch  6 taken 1 (fallthrough)
branch  7 taken 1
        1:   58-block  3
call    8 returned 1
call    9 returned 1
    %%%%%:   58-block  4
    %%%%%:   58-block  5
branch 10 never executed
branch 11 never executed
    %%%%%:   58-block  6
call   12 never executed
    %%%%%:   58-block  7
    %%%%%:   58-block  8
call   13 never executed
    %%%%%:   58-block  9
call   14 never executed
        3:   59:    eph_i ti = {{22114, 2020,   1,  0,  3,  1,  18, 0,  0,  20000,  10}};
        1:   59-block  0
call    0 returned 1
call    1 returned 1
branch  2 taken 1 (fallthrough)
branch  3 taken 0 (throw)
        1:   59-block  1
call    4 returned 1
call    5 returned 1
branch  6 taken 1 (fallthrough)
branch  7 taken 0 (throw)
        1:   59-block  2
call    8 returned 1
        2:   59-block  3
branch  9 taken 1 (fallthrough)
branch 10 taken 1
        1:   59-block  4
call   11 returned 1
        1:   59-block  5
call   12 returned 1
call   13 returned 1
    %%%%%:   59-block  6
    %%%%%:   59-block  7
branch 14 never executed
branch 15 never executed
    %%%%%:   59-block  8
call   16 never executed
    %%%%%:   59-block  9
    %%%%%:   59-block 10
call   17 never executed
    %%%%%:   59-block 11
call   18 never executed
        -:   60:
        1:   61:    EXPECT_FALSE(esEncuestaValida(th, ti));
call    0 returned 1
branch  1 taken 1 (fallthrough)
branch  2 taken 0 (throw)
        1:   61-block  0
call    3 returned 1
branch  4 taken 1 (fallthrough)
branch  5 taken 0 (throw)
        1:   61-block  1
call    6 returned 1
branch  7 taken 1 (fallthrough)
branch  8 taken 0 (throw)
        1:   61-block  2
call    9 returned 1
branch 10 taken 1 (fallthrough)
branch 11 taken 0 (throw)
        1:   61-block  3
call   12 returned 1
call   13 returned 1
call   14 returned 1
branch 15 taken 0 (fallthrough)
branch 16 taken 1
    $$$$$:   61-block  4
call   17 never executed
branch 18 never executed
branch 19 never executed
    $$$$$:   61-block  5
call   20 never executed
branch 21 never executed
branch 22 never executed
    $$$$$:   61-block  6
call   23 never executed
call   24 never executed
branch 25 never executed
branch 26 never executed
    $$$$$:   61-block  7
call   27 never executed
branch 28 never executed
branch 29 never executed
    $$$$$:   61-block  8
call   30 never executed
call   31 never executed
call   32 never executed
        1:   61-block  9
call   33 returned 1
    %%%%%:   61-block 10
    %%%%%:   61-block 11
call   34 never executed
    %%%%%:   61-block 12
call   35 never executed
    %%%%%:   61-block 13
call   36 never executed
    %%%%%:   61-block 14
call   37 never executed
    %%%%%:   61-block 15
call   38 never executed
    %%%%%:   61-block 16
call   39 never executed
    %%%%%:   61-block 17
        1:   62:}
    %%%%%:   62-block  0
call    0 never executed
        -:   63:
function _ZN54esEncuestaValidaTEST_invalidaIndividuosSinHogares_TestD0Ev called 1 returned 100% blocks executed 100%
function _ZN54esEncuestaValidaTEST_invalidaIndividuosSinHogares_TestD1Ev called 1 returned 100% blocks executed 100%
function _ZN54esEncuestaValidaTEST_invalidaIndividuosSinHogares_Test8TestBodyEv called 1 returned 100% blocks executed 46%
function _ZN54esEncuestaValidaTEST_invalidaIndividuosSinHogares_TestC1Ev called 1 returned 100% blocks executed 100%
        8:   64:TEST(esEncuestaValidaTEST, invalidaIndividuosSinHogares) {
call    0 returned 1
call    1 returned 1
call    2 returned 1
call    3 returned 1
call    4 returned 1
branch  5 taken 1 (fallthrough)
branch  6 taken 0 (throw)
        1:   64-block  0
call    7 returned 1
branch  8 taken 1 (fallthrough)
branch  9 taken 0 (throw)
        1:   64-block  1
call   10 returned 1
branch 11 taken 1 (fallthrough)
branch 12 taken 0 (throw)
        1:   64-block  2
call   13 returned 1
call   14 returned 1
call   15 returned 1
    %%%%%:   64-block  3
call   16 never executed
    %%%%%:   64-block  4
call   17 never executed
    %%%%%:   64-block  5
call   18 never executed
call   19 never executed
        1:   64-block  6
        1:   64-block  7
call   20 returned 1
call   21 returned 1
        1:   64-block  8
        1:   64-block  9
call   22 returned 1
        1:   64-block 10
        1:   64-block 11
        1:   64-block 12
call   23 returned 1
        -:   65:    eph_h th = {{22114, 2020,   3,  319611, 629088, 3,  41, 0,  1,  3,  1,  2},
        4:   66:                {20957, 2020,   3,  313965, 623297, 1,  43, 0,  1,  3,  1,  2}};
        1:   66-block  0
call    0 returned 1
call    1 returned 1
branch  2 taken 1 (fallthrough)
branch  3 taken 0 (throw)
        1:   66-block  1
call    4 returned 1
call    5 returned 1
branch  6 taken 1 (fallthrough)
branch  7 taken 0 (throw)
        1:   66-block  2
call    8 returned 1
call    9 returned 1
branch 10 taken 1 (fallthrough)
branch 11 taken 0 (throw)
        1:   66-block  3
call   12 returned 1
        3:   66-block  4
branch 13 taken 2 (fallthrough)
branch 14 taken 1
        2:   66-block  5
call   15 returned 2
        1:   66-block  6
call   16 returned 1
call   17 returned 1
call   18 returned 1
    %%%%%:   66-block  7
    %%%%%:   66-block  8
branch 19 never executed
branch 20 never executed
    %%%%%:   66-block  9
call   21 never executed
    %%%%%:   66-block 10
    %%%%%:   66-block 11
call   22 never executed
    %%%%%:   66-block 12
call   23 never executed
    %%%%%:   66-block 13
call   24 never executed
    %%%%%:   66-block 14
call   25 never executed
        -:   67:    eph_i ti = {{20957, 2020,   1,  1,  3,  1,  88, 0,  0,  90000,  10},
        -:   68:                {20957, 2020,   2,  1,  3,  2,  82, 0,  0,  25000,  10},
        -:   69:                {22866, 2020,   1,  0,  3,  1,  31, 1,  3,  59000,  10},
        -:   70:                {22866, 2020,   2,  1,  3,  2,  28, 1,  3,  0,      6},
        7:   71:                {22114, 2020,   1,  0,  3,  1,  18, 0,  0,  20000,  10}};
call    0 returned 1
call    1 returned 1
branch  2 taken 1 (fallthrough)
branch  3 taken 0 (throw)
        1:   71-block  0
call    4 returned 1
call    5 returned 1
branch  6 taken 1 (fallthrough)
branch  7 taken 0 (throw)
        1:   71-block  1
call    8 returned 1
call    9 returned 1
branch 10 taken 1 (fallthrough)
branch 11 taken 0 (throw)
        1:   71-block  2
call   12 returned 1
call   13 returned 1
branch 14 taken 1 (fallthrough)
branch 15 taken 0 (throw)
        1:   71-block  3
call   16 returned 1
call   17 returned 1
branch 18 taken 1 (fallthrough)
branch 19 taken 0 (throw)
        1:   71-block  4
call   20 returned 1
call   21 returned 1
branch 22 taken 1 (fallthrough)
branch 23 taken 0 (throw)
        1:   71-block  5
call   24 returned 1
        6:   71-block  6
branch 25 taken 5 (fallthrough)
branch 26 taken 1
        5:   71-block  7
call   27 returned 5
        1:   71-block  8
call   28 returned 1
call   29 returned 1
call   30 returned 1
call   31 returned 1
call   32 returned 1
call   33 returned 1
    %%%%%:   71-block  9
    %%%%%:   71-block 10
branch 34 never executed
branch 35 never executed
    %%%%%:   71-block 11
call   36 never executed
    %%%%%:   71-block 12
    %%%%%:   71-block 13
call   37 never executed
    %%%%%:   71-block 14
call   38 never executed
    %%%%%:   71-block 15
call   39 never executed
    %%%%%:   71-block 16
call   40 never executed
    %%%%%:   71-block 17
call   41 never executed
    %%%%%:   71-block 18
call   42 never executed
        -:   72:
        1:   73:    EXPECT_FALSE(esEncuestaValida(th, ti));
call    0 returned 1
branch  1 taken 1 (fallthrough)
branch  2 taken 0 (throw)
        1:   73-block  0
call    3 returned 1
branch  4 taken 1 (fallthrough)
branch  5 taken 0 (throw)
        1:   73-block  1
call    6 returned 1
branch  7 taken 1 (fallthrough)
branch  8 taken 0 (throw)
        1:   73-block  2
call    9 returned 1
branch 10 taken 1 (fallthrough)
branch 11 taken 0 (throw)
        1:   73-block  3
call   12 returned 1
call   13 returned 1
call   14 returned 1
branch 15 taken 0 (fallthrough)
branch 16 taken 1
    $$$$$:   73-block  4
call   17 never executed
branch 18 never executed
branch 19 never executed
    $$$$$:   73-block  5
call   20 never executed
branch 21 never executed
branch 22 never executed
    $$$$$:   73-block  6
call   23 never executed
call   24 never executed
branch 25 never executed
branch 26 never executed
    $$$$$:   73-block  7
call   27 never executed
branch 28 never executed
branch 29 never executed
    $$$$$:   73-block  8
call   30 never executed
call   31 never executed
call   32 never executed
        1:   73-block  9
call   33 returned 1
    %%%%%:   73-block 10
    %%%%%:   73-block 11
call   34 never executed
    %%%%%:   73-block 12
call   35 never executed
    %%%%%:   73-block 13
call   36 never executed
    %%%%%:   73-block 14
call   37 never executed
    %%%%%:   73-block 15
call   38 never executed
    %%%%%:   73-block 16
call   39 never executed
    %%%%%:   73-block 17
        1:   74:}
    %%%%%:   74-block  0
call    0 never executed
        -:   75:
function _ZN56esEncuestaValidaTEST_invalidaHogaresCodusuRepetidos_TestD0Ev called 1 returned 100% blocks executed 100%
function _ZN56esEncuestaValidaTEST_invalidaHogaresCodusuRepetidos_TestD1Ev called 1 returned 100% blocks executed 100%
function _ZN56esEncuestaValidaTEST_invalidaHogaresCodusuRepetidos_Test8TestBodyEv called 1 returned 100% blocks executed 48%
function _ZN56esEncuestaValidaTEST_invalidaHogaresCodusuRepetidos_TestC1Ev called 1 returned 100% blocks executed 100%
        8:   76:TEST(esEncuestaValidaTEST, invalidaHogaresCodusuRepetidos) {
call    0 returned 1
call    1 returned 1
call    2 returned 1
call    3 returned 1
call    4 returned 1
branch  5 taken 1 (fallthrough)
branch  6 taken 0 (throw)
        1:   76-block  0
call    7 returned 1
branch  8 taken 1 (fallthrough)
branch  9 taken 0 (throw)
        1:   76-block  1
call   10 returned 1
branch 11 taken 1 (fallthrough)
branch 12 taken 0 (throw)
        1:   76-block  2
call   13 returned 1
call   14 returned 1
call   15 returned 1
    %%%%%:   76-block  3
call   16 never executed
    %%%%%:   76-block  4
call   17 never executed
    %%%%%:   76-block  5
call   18 never executed
call   19 never executed
        1:   76-block  6
        1:   76-block  7
call   20 returned 1
call   21 returned 1
        1:   76-block  8
        1:   76-block  9
call   22 returned 1
        1:   76-block 10
        1:   76-block 11
        1:   76-block 12
call   23 returned 1
        -:   77:    eph_h th = {{22114, 2020,   3,  319611, 629088, 3,  41, 0,  1,  3,  1,  2},
        -:   78:                {22114, 2020,   3,  332870, 642475, 3,  40, 0,  1,  6,  6,  2},
        -:   79:                {22866, 2020,   3,  317157, 627217, 2,  42, 1,  1,  2,  2,  2},
        6:   80:                {20957, 2020,   3,  313965, 623297, 1,  43, 0,  1,  3,  1,  2}};
        1:   80-block  0
call    0 returned 1
call    1 returned 1
branch  2 taken 1 (fallthrough)
branch  3 taken 0 (throw)
        1:   80-block  1
call    4 returned 1
call    5 returned 1
branch  6 taken 1 (fallthrough)
branch  7 taken 0 (throw)
        1:   80-block  2
call    8 returned 1
call    9 returned 1
branch 10 taken 1 (fallthrough)
branch 11 taken 0 (throw)
        1:   80-block  3
call   12 returned 1
call   13 returned 1
branch 14 taken 1 (fallthrough)
branch 15 taken 0 (throw)
        1:   80-block  4
call   16 returned 1
call   17 returned 1
branch 18 taken 1 (fallthrough)
branch 19 taken 0 (throw)
        1:   80-block  5
call   20 returned 1
        5:   80-block  6
branch 21 taken 4 (fallthrough)
branch 22 taken 1
        4:   80-block  7
call   23 returned 4
        1:   80-block  8
call   24 returned 1
call   25 returned 1
call   26 returned 1
call   27 returned 1
call   28 returned 1
    %%%%%:   80-block  9
    %%%%%:   80-block 10
branch 29 never executed
branch 30 never executed
    %%%%%:   80-block 11
call   31 never executed
    %%%%%:   80-block 12
    %%%%%:   80-block 13
call   32 never executed
    %%%%%:   80-block 14
call   33 never executed
    %%%%%:   80-block 15
call   34 never executed
    %%%%%:   80-block 16
call   35 never executed
    %%%%%:   80-block 17
call   36 never executed
    %%%%%:   80-block 18
call   37 never executed
        -:   81:    eph_i ti = {{20957, 2020,   1,  1,  3,  1,  88, 0,  0,  90000,  10},
        -:   82:                {20957, 2020,   2,  1,  3,  2,  82, 0,  0,  25000,  10},
        -:   83:                {22866, 2020,   1,  0,  3,  1,  31, 1,  3,  59000,  10},
        -:   84:                {22866, 2020,   2,  1,  3,  2,  28, 1,  3,  0,      6},
        7:   85:                {22114, 2020,   1,  0,  3,  1,  18, 0,  0,  20000,  10}};
call    0 returned 1
call    1 returned 1
branch  2 taken 1 (fallthrough)
branch  3 taken 0 (throw)
        1:   85-block  0
call    4 returned 1
call    5 returned 1
branch  6 taken 1 (fallthrough)
branch  7 taken 0 (throw)
        1:   85-block  1
call    8 returned 1
call    9 returned 1
branch 10 taken 1 (fallthrough)
branch 11 taken 0 (throw)
        1:   85-block  2
call   12 returned 1
call   13 returned 1
branch 14 taken 1 (fallthrough)
branch 15 taken 0 (throw)
        1:   85-block  3
call   16 returned 1
call   17 returned 1
branch 18 taken 1 (fallthrough)
branch 19 taken 0 (throw)
        1:   85-block  4
call   20 returned 1
call   21 returned 1
branch 22 taken 1 (fallthrough)
branch 23 taken 0 (throw)
        1:   85-block  5
call   24 returned 1
        6:   85-block  6
branch 25 taken 5 (fallthrough)
branch 26 taken 1
        5:   85-block  7
call   27 returned 5
        1:   85-block  8
call   28 returned 1
call   29 returned 1
call   30 returned 1
call   31 returned 1
call   32 returned 1
call   33 returned 1
    %%%%%:   85-block  9
    %%%%%:   85-block 10
branch 34 never executed
branch 35 never executed
    %%%%%:   85-block 11
call   36 never executed
    %%%%%:   85-block 12
    %%%%%:   85-block 13
call   37 never executed
    %%%%%:   85-block 14
call   38 never executed
    %%%%%:   85-block 15
call   39 never executed
    %%%%%:   85-block 16
call   40 never executed
    %%%%%:   85-block 17
call   41 never executed
    %%%%%:   85-block 18
call   42 never executed
        -:   86:
        1:   87:    EXPECT_FALSE(esEncuestaValida(th, ti));
call    0 returned 1
branch  1 taken 1 (fallthrough)
branch  2 taken 0 (throw)
        1:   87-block  0
call    3 returned 1
branch  4 taken 1 (fallthrough)
branch  5 taken 0 (throw)
        1:   87-block  1
call    6 returned 1
branch  7 taken 1 (fallthrough)
branch  8 taken 0 (throw)
        1:   87-block  2
call    9 returned 1
branch 10 taken 1 (fallthrough)
branch 11 taken 0 (throw)
        1:   87-block  3
call   12 returned 1
call   13 returned 1
call   14 returned 1
branch 15 taken 0 (fallthrough)
branch 16 taken 1
    $$$$$:   87-block  4
call   17 never executed
branch 18 never executed
branch 19 never executed
    $$$$$:   87-block  5
call   20 never executed
branch 21 never executed
branch 22 never executed
    $$$$$:   87-block  6
call   23 never executed
call   24 never executed
branch 25 never executed
branch 26 never executed
    $$$$$:   87-block  7
call   27 never executed
branch 28 never executed
branch 29 never executed
    $$$$$:   87-block  8
call   30 never executed
call   31 never executed
call   32 never executed
        1:   87-block  9
call   33 returned 1
    %%%%%:   87-block 10
    %%%%%:   87-block 11
call   34 never executed
    %%%%%:   87-block 12
call   35 never executed
    %%%%%:   87-block 13
call   36 never executed
    %%%%%:   87-block 14
call   37 never executed
    %%%%%:   87-block 15
call   38 never executed
    %%%%%:   87-block 16
call   39 never executed
    %%%%%:   87-block 17
        1:   88:}
    %%%%%:   88-block  0
call    0 never executed
        -:   89:
function _ZN70esEncuestaValidaTEST_invalidaIndividuosCodusuYComponenteRepetidos_TestD0Ev called 1 returned 100% blocks executed 100%
function _ZN70esEncuestaValidaTEST_invalidaIndividuosCodusuYComponenteRepetidos_TestD1Ev called 1 returned 100% blocks executed 100%
function _ZN70esEncuestaValidaTEST_invalidaIndividuosCodusuYComponenteRepetidos_Test8TestBodyEv called 1 returned 100% blocks executed 47%
function _ZN70esEncuestaValidaTEST_invalidaIndividuosCodusuYComponenteRepetidos_TestC1Ev called 1 returned 100% blocks executed 100%
        8:   90:TEST(esEncuestaValidaTEST, invalidaIndividuosCodusuYComponenteRepetidos) {
call    0 returned 1
call    1 returned 1
call    2 returned 1
call    3 returned 1
call    4 returned 1
branch  5 taken 1 (fallthrough)
branch  6 taken 0 (throw)
        1:   90-block  0
call    7 returned 1
branch  8 taken 1 (fallthrough)
branch  9 taken 0 (throw)
        1:   90-block  1
call   10 returned 1
branch 11 taken 1 (fallthrough)
branch 12 taken 0 (throw)
        1:   90-block  2
call   13 returned 1
call   14 returned 1
call   15 returned 1
    %%%%%:   90-block  3
call   16 never executed
    %%%%%:   90-block  4
call   17 never executed
    %%%%%:   90-block  5
call   18 never executed
call   19 never executed
        1:   90-block  6
        1:   90-block  7
call   20 returned 1
call   21 returned 1
        1:   90-block  8
        1:   90-block  9
call   22 returned 1
        1:   90-block 10
        1:   90-block 11
        1:   90-block 12
call   23 returned 1
        -:   91:    eph_h th = {{22114, 2020,   3,  319611, 629088, 3,  41, 0,  1,  3,  1,  2},
        -:   92:                {22866, 2020,   3,  317157, 627217, 2,  42, 1,  1,  2,  2,  2},
        5:   93:                {20957, 2020,   3,  313965, 623297, 1,  43, 0,  1,  3,  1,  2}};
        1:   93-block  0
call    0 returned 1
call    1 returned 1
branch  2 taken 1 (fallthrough)
branch  3 taken 0 (throw)
        1:   93-block  1
call    4 returned 1
call    5 returned 1
branch  6 taken 1 (fallthrough)
branch  7 taken 0 (throw)
        1:   93-block  2
call    8 returned 1
call    9 returned 1
branch 10 taken 1 (fallthrough)
branch 11 taken 0 (throw)
        1:   93-block  3
call   12 returned 1
call   13 returned 1
branch 14 taken 1 (fallthrough)
branch 15 taken 0 (throw)
        1:   93-block  4
call   16 returned 1
        4:   93-block  5
branch 17 taken 3 (fallthrough)
branch 18 taken 1
        3:   93-block  6
call   19 returned 3
        1:   93-block  7
call   20 returned 1
call   21 returned 1
call   22 returned 1
call   23 returned 1
    %%%%%:   93-block  8
    %%%%%:   93-block  9
branch 24 never executed
branch 25 never executed
    %%%%%:   93-block 10
call   26 never executed
    %%%%%:   93-block 11
    %%%%%:   93-block 12
call   27 never executed
    %%%%%:   93-block 13
call   28 never executed
    %%%%%:   93-block 14
call   29 never executed
    %%%%%:   93-block 15
call   30 never executed
    %%%%%:   93-block 16
call   31 never executed
        -:   94:    eph_i ti = {{20957, 2020,   1,  1,  3,  1,  88, 0,  0,  90000,  10},
        -:   95:                {20957, 2020,   2,  1,  3,  2,  82, 0,  0,  25000,  10},
        -:   96:                {22866, 2020,   1,  0,  3,  1,  31, 1,  3,  59000,  10},
        -:   97:                {22866, 2020,   1,  1,  3,  2,  28, 1,  3,  0,      6},
        7:   98:                {22114, 2020,   1,  0,  3,  1,  18, 0,  0,  20000,  10}};
call    0 returned 1
call    1 returned 1
branch  2 taken 1 (fallthrough)
branch  3 taken 0 (throw)
        1:   98-block  0
call    4 returned 1
call    5 returned 1
branch  6 taken 1 (fallthrough)
branch  7 taken 0 (throw)
        1:   98-block  1
call    8 returned 1
call    9 returned 1
branch 10 taken 1 (fallthrough)
branch 11 taken 0 (throw)
        1:   98-block  2
call   12 returned 1
call   13 returned 1
branch 14 taken 1 (fallthrough)
branch 15 taken 0 (throw)
        1:   98-block  3
call   16 returned 1
call   17 returned 1
branch 18 taken 1 (fallthrough)
branch 19 taken 0 (throw)
        1:   98-block  4
call   20 returned 1
call   21 returned 1
branch 22 taken 1 (fallthrough)
branch 23 taken 0 (throw)
        1:   98-block  5
call   24 returned 1
        6:   98-block  6
branch 25 taken 5 (fallthrough)
branch 26 taken 1
        5:   98-block  7
call   27 returned 5
        1:   98-block  8
call   28 returned 1
call   29 returned 1
call   30 returned 1
call   31 returned 1
call   32 returned 1
call   33 returned 1
    %%%%%:   98-block  9
    %%%%%:   98-block 10
branch 34 never executed
branch 35 never executed
    %%%%%:   98-block 11
call   36 never executed
    %%%%%:   98-block 12
    %%%%%:   98-block 13
call   37 never executed
    %%%%%:   98-block 14
call   38 never executed
    %%%%%:   98-block 15
call   39 never executed
    %%%%%:   98-block 16
call   40 never executed
    %%%%%:   98-block 17
call   41 never executed
    %%%%%:   98-block 18
call   42 never executed
        -:   99:
        1:  100:    EXPECT_FALSE(esEncuestaValida(th, ti));
call    0 returned 1
branch  1 taken 1 (fallthrough)
branch  2 taken 0 (throw)
        1:  100-block  0
call    3 returned 1
branch  4 taken 1 (fallthrough)
branch  5 taken 0 (throw)
        1:  100-block  1
call    6 returned 1
branch  7 taken 1 (fallthrough)
branch  8 taken 0 (throw)
        1:  100-block  2
call    9 returned 1
branch 10 taken 1 (fallthrough)
branch 11 taken 0 (throw)
        1:  100-block  3
call   12 returned 1
call   13 returned 1
call   14 returned 1
branch 15 taken 0 (fallthrough)
branch 16 taken 1
    $$$$$:  100-block  4
call   17 never executed
branch 18 never executed
branch 19 never executed
    $$$$$:  100-block  5
call   20 never executed
branch 21 never executed
branch 22 never executed
    $$$$$:  100-block  6
call   23 never executed
call   24 never executed
branch 25 never executed
branch 26 never executed
    $$$$$:  100-block  7
call   27 never executed
branch 28 never executed
branch 29 never executed
    $$$$$:  100-block  8
call   30 never executed
call   31 never executed
call   32 never executed
        1:  100-block  9
call   33 returned 1
    %%%%%:  100-block 10
    %%%%%:  100-block 11
call   34 never executed
    %%%%%:  100-block 12
call   35 never executed
    %%%%%:  100-block 13
call   36 never executed
    %%%%%:  100-block 14
call   37 never executed
    %%%%%:  100-block 15
call   38 never executed
    %%%%%:  100-block 16
call   39 never executed
    %%%%%:  100-block 17
        1:  101:}
    %%%%%:  101-block  0
call    0 never executed
        -:  102:
function _ZN53esEncuestaValidaTEST_invalidaDistintoAnioHogares_TestD0Ev called 1 returned 100% blocks executed 100%
function _ZN53esEncuestaValidaTEST_invalidaDistintoAnioHogares_TestD1Ev called 1 returned 100% blocks executed 100%
function _ZN53esEncuestaValidaTEST_invalidaDistintoAnioHogares_Test8TestBodyEv called 1 returned 100% blocks executed 47%
function _ZN53esEncuestaValidaTEST_invalidaDistintoAnioHogares_TestC1Ev called 1 returned 100% blocks executed 100%
        8:  103:TEST(esEncuestaValidaTEST, invalidaDistintoAnioHogares) {
call    0 returned 1
call    1 returned 1
call    2 returned 1
call    3 returned 1
call    4 returned 1
branch  5 taken 1 (fallthrough)
branch  6 taken 0 (throw)
        1:  103-block  0
call    7 returned 1
branch  8 taken 1 (fallthrough)
branch  9 taken 0 (throw)
        1:  103-block  1
call   10 returned 1
branch 11 taken 1 (fallthrough)
branch 12 taken 0 (throw)
        1:  103-block  2
call   13 returned 1
call   14 returned 1
call   15 returned 1
    %%%%%:  103-block  3
call   16 never executed
    %%%%%:  103-block  4
call   17 never executed
    %%%%%:  103-block  5
call   18 never executed
call   19 never executed
        1:  103-block  6
        1:  103-block  7
call   20 returned 1
call   21 returned 1
        1:  103-block  8
        1:  103-block  9
call   22 returned 1
        1:  103-block 10
        1:  103-block 11
        1:  103-block 12
call   23 returned 1
        -:  104:    eph_h th = {{22114, 2020,   3,  319611, 629088, 3,  41, 0,  1,  3,  1,  2},
        -:  105:                {22866, 2020,   3,  317157, 627217, 2,  42, 1,  1,  2,  2,  2},
        5:  106:                {20957, 2021,   3,  313965, 623297, 1,  43, 0,  1,  3,  1,  2}};
        1:  106-block  0
call    0 returned 1
call    1 returned 1
branch  2 taken 1 (fallthrough)
branch  3 taken 0 (throw)
        1:  106-block  1
call    4 returned 1
call    5 returned 1
branch  6 taken 1 (fallthrough)
branch  7 taken 0 (throw)
        1:  106-block  2
call    8 returned 1
call    9 returned 1
branch 10 taken 1 (fallthrough)
branch 11 taken 0 (throw)
        1:  106-block  3
call   12 returned 1
call   13 returned 1
branch 14 taken 1 (fallthrough)
branch 15 taken 0 (throw)
        1:  106-block  4
call   16 returned 1
        4:  106-block  5
branch 17 taken 3 (fallthrough)
branch 18 taken 1
        3:  106-block  6
call   19 returned 3
        1:  106-block  7
call   20 returned 1
call   21 returned 1
call   22 returned 1
call   23 returned 1
    %%%%%:  106-block  8
    %%%%%:  106-block  9
branch 24 never executed
branch 25 never executed
    %%%%%:  106-block 10
call   26 never executed
    %%%%%:  106-block 11
    %%%%%:  106-block 12
call   27 never executed
    %%%%%:  106-block 13
call   28 never executed
    %%%%%:  106-block 14
call   29 never executed
    %%%%%:  106-block 15
call   30 never executed
    %%%%%:  106-block 16
call   31 never executed
        -:  107:    eph_i ti = {{20957, 2020,   1,  1,  3,  1,  88, 0,  0,  90000,  10},
        -:  108:                {20957, 2020,   2,  1,  3,  2,  82, 0,  0,  25000,  10},
        -:  109:                {22866, 2020,   1,  0,  3,  1,  31, 1,  3,  59000,  10},
        -:  110:                {22866, 2020,   2,  1,  3,  2,  28, 1,  3,  0,      6},
        7:  111:                {22114, 2020,   1,  0,  3,  1,  18, 0,  0,  20000,  10}};
call    0 returned 1
call    1 returned 1
branch  2 taken 1 (fallthrough)
branch  3 taken 0 (throw)
        1:  111-block  0
call    4 returned 1
call    5 returned 1
branch  6 taken 1 (fallthrough)
branch  7 taken 0 (throw)
        1:  111-block  1
call    8 returned 1
call    9 returned 1
branch 10 taken 1 (fallthrough)
branch 11 taken 0 (throw)
        1:  111-block  2
call   12 returned 1
call   13 returned 1
branch 14 taken 1 (fallthrough)
branch 15 taken 0 (throw)
        1:  111-block  3
call   16 returned 1
call   17 returned 1
branch 18 taken 1 (fallthrough)
branch 19 taken 0 (throw)
        1:  111-block  4
call   20 returned 1
call   21 returned 1
branch 22 taken 1 (fallthrough)
branch 23 taken 0 (throw)
        1:  111-block  5
call   24 returned 1
        6:  111-block  6
branch 25 taken 5 (fallthrough)
branch 26 taken 1
        5:  111-block  7
call   27 returned 5
        1:  111-block  8
call   28 returned 1
call   29 returned 1
call   30 returned 1
call   31 returned 1
call   32 returned 1
call   33 returned 1
    %%%%%:  111-block  9
    %%%%%:  111-block 10
branch 34 never executed
branch 35 never executed
    %%%%%:  111-block 11
call   36 never executed
    %%%%%:  111-block 12
    %%%%%:  111-block 13
call   37 never executed
    %%%%%:  111-block 14
call   38 never executed
    %%%%%:  111-block 15
call   39 never executed
    %%%%%:  111-block 16
call   40 never executed
    %%%%%:  111-block 17
call   41 never executed
    %%%%%:  111-block 18
call   42 never executed
        -:  112:
        1:  113:    EXPECT_FALSE(esEncuestaValida(th, ti));
call    0 returned 1
branch  1 taken 1 (fallthrough)
branch  2 taken 0 (throw)
        1:  113-block  0
call    3 returned 1
branch  4 taken 1 (fallthrough)
branch  5 taken 0 (throw)
        1:  113-block  1
call    6 returned 1
branch  7 taken 1 (fallthrough)
branch  8 taken 0 (throw)
        1:  113-block  2
call    9 returned 1
branch 10 taken 1 (fallthrough)
branch 11 taken 0 (throw)
        1:  113-block  3
call   12 returned 1
call   13 returned 1
call   14 returned 1
branch 15 taken 0 (fallthrough)
branch 16 taken 1
    $$$$$:  113-block  4
call   17 never executed
branch 18 never executed
branch 19 never executed
    $$$$$:  113-block  5
call   20 never executed
branch 21 never executed
branch 22 never executed
    $$$$$:  113-block  6
call   23 never executed
call   24 never executed
branch 25 never executed
branch 26 never executed
    $$$$$:  113-block  7
call   27 never executed
branch 28 never executed
branch 29 never executed
    $$$$$:  113-block  8
call   30 never executed
call   31 never executed
call   32 never executed
        1:  113-block  9
call   33 returned 1
    %%%%%:  113-block 10
    %%%%%:  113-block 11
call   34 never executed
    %%%%%:  113-block 12
call   35 never executed
    %%%%%:  113-block 13
call   36 never executed
    %%%%%:  113-block 14
call   37 never executed
    %%%%%:  113-block 15
call   38 never executed
    %%%%%:  113-block 16
call   39 never executed
    %%%%%:  113-block 17
        1:  114:}
    %%%%%:  114-block  0
call    0 never executed
        -:  115:
function _ZN69esEncuestaValidaTEST_invalidaDistintoAnioEntreHogaresEIndividuos_TestD0Ev called 1 returned 100% blocks executed 100%
function _ZN69esEncuestaValidaTEST_invalidaDistintoAnioEntreHogaresEIndividuos_TestD1Ev called 1 returned 100% blocks executed 100%
function _ZN69esEncuestaValidaTEST_invalidaDistintoAnioEntreHogaresEIndividuos_Test8TestBodyEv called 1 returned 100% blocks executed 47%
function _ZN69esEncuestaValidaTEST_invalidaDistintoAnioEntreHogaresEIndividuos_TestC1Ev called 1 returned 100% blocks executed 100%
        8:  116:TEST(esEncuestaValidaTEST, invalidaDistintoAnioEntreHogaresEIndividuos) {
call    0 returned 1
call    1 returned 1
call    2 returned 1
call    3 returned 1
call    4 returned 1
branch  5 taken 1 (fallthrough)
branch  6 taken 0 (throw)
        1:  116-block  0
call    7 returned 1
branch  8 taken 1 (fallthrough)
branch  9 taken 0 (throw)
        1:  116-block  1
call   10 returned 1
branch 11 taken 1 (fallthrough)
branch 12 taken 0 (throw)
        1:  116-block  2
call   13 returned 1
call   14 returned 1
call   15 returned 1
    %%%%%:  116-block  3
call   16 never executed
    %%%%%:  116-block  4
call   17 never executed
    %%%%%:  116-block  5
call   18 never executed
call   19 never executed
        1:  116-block  6
        1:  116-block  7
call   20 returned 1
call   21 returned 1
        1:  116-block  8
        1:  116-block  9
call   22 returned 1
        1:  116-block 10
        1:  116-block 11
        1:  116-block 12
call   23 returned 1
        -:  117:    eph_h th = {{22114, 2021,   3,  319611, 629088, 3,  41, 0,  1,  3,  1,  2},
        -:  118:                {22866, 2021,   3,  317157, 627217, 2,  42, 1,  1,  2,  2,  2},
        5:  119:                {20957, 2021,   3,  313965, 623297, 1,  43, 0,  1,  3,  1,  2}};
        1:  119-block  0
call    0 returned 1
call    1 returned 1
branch  2 taken 1 (fallthrough)
branch  3 taken 0 (throw)
        1:  119-block  1
call    4 returned 1
call    5 returned 1
branch  6 taken 1 (fallthrough)
branch  7 taken 0 (throw)
        1:  119-block  2
call    8 returned 1
call    9 returned 1
branch 10 taken 1 (fallthrough)
branch 11 taken 0 (throw)
        1:  119-block  3
call   12 returned 1
call   13 returned 1
branch 14 taken 1 (fallthrough)
branch 15 taken 0 (throw)
        1:  119-block  4
call   16 returned 1
        4:  119-block  5
branch 17 taken 3 (fallthrough)
branch 18 taken 1
        3:  119-block  6
call   19 returned 3
        1:  119-block  7
call   20 returned 1
call   21 returned 1
call   22 returned 1
call   23 returned 1
    %%%%%:  119-block  8
    %%%%%:  119-block  9
branch 24 never executed
branch 25 never executed
    %%%%%:  119-block 10
call   26 never executed
    %%%%%:  119-block 11
    %%%%%:  119-block 12
call   27 never executed
    %%%%%:  119-block 13
call   28 never executed
    %%%%%:  119-block 14
call   29 never executed
    %%%%%:  119-block 15
call   30 never executed
    %%%%%:  119-block 16
call   31 never executed
        -:  120:    eph_i ti = {{20957, 2020,   1,  1,  3,  1,  88, 0,  0,  90000,  10},
        -:  121:                {20957, 2020,   2,  1,  3,  2,  82, 0,  0,  25000,  10},
        -:  122:                {22866, 2020,   1,  0,  3,  1,  31, 1,  3,  59000,  10},
        -:  123:                {22866, 2020,   2,  1,  3,  2,  28, 1,  3,  0,      6},
        7:  124:                {22114, 2020,   1,  0,  3,  1,  18, 0,  0,  20000,  10}};
call    0 returned 1
call    1 returned 1
branch  2 taken 1 (fallthrough)
branch  3 taken 0 (throw)
        1:  124-block  0
call    4 returned 1
call    5 returned 1
branch  6 taken 1 (fallthrough)
branch  7 taken 0 (throw)
        1:  124-block  1
call    8 returned 1
call    9 returned 1
branch 10 taken 1 (fallthrough)
branch 11 taken 0 (throw)
        1:  124-block  2
call   12 returned 1
call   13 returned 1
branch 14 taken 1 (fallthrough)
branch 15 taken 0 (throw)
        1:  124-block  3
call   16 returned 1
call   17 returned 1
branch 18 taken 1 (fallthrough)
branch 19 taken 0 (throw)
        1:  124-block  4
call   20 returned 1
call   21 returned 1
branch 22 taken 1 (fallthrough)
branch 23 taken 0 (throw)
        1:  124-block  5
call   24 returned 1
        6:  124-block  6
branch 25 taken 5 (fallthrough)
branch 26 taken 1
        5:  124-block  7
call   27 returned 5
        1:  124-block  8
call   28 returned 1
call   29 returned 1
call   30 returned 1
call   31 returned 1
call   32 returned 1
call   33 returned 1
    %%%%%:  124-block  9
    %%%%%:  124-block 10
branch 34 never executed
branch 35 never executed
    %%%%%:  124-block 11
call   36 never executed
    %%%%%:  124-block 12
    %%%%%:  124-block 13
call   37 never executed
    %%%%%:  124-block 14
call   38 never executed
    %%%%%:  124-block 15
call   39 never executed
    %%%%%:  124-block 16
call   40 never executed
    %%%%%:  124-block 17
call   41 never executed
    %%%%%:  124-block 18
call   42 never executed
        -:  125:
        1:  126:    EXPECT_FALSE(esEncuestaValida(th, ti));
call    0 returned 1
branch  1 taken 1 (fallthrough)
branch  2 taken 0 (throw)
        1:  126-block  0
call    3 returned 1
branch  4 taken 1 (fallthrough)
branch  5 taken 0 (throw)
        1:  126-block  1
call    6 returned 1
branch  7 taken 1 (fallthrough)
branch  8 taken 0 (throw)
        1:  126-block  2
call    9 returned 1
branch 10 taken 1 (fallthrough)
branch 11 taken 0 (throw)
        1:  126-block  3
call   12 returned 1
call   13 returned 1
call   14 returned 1
branch 15 taken 0 (fallthrough)
branch 16 taken 1
    $$$$$:  126-block  4
call   17 never executed
branch 18 never executed
branch 19 never executed
    $$$$$:  126-block  5
call   20 never executed
branch 21 never executed
branch 22 never executed
    $$$$$:  126-block  6
call   23 never executed
call   24 never executed
branch 25 never executed
branch 26 never executed
    $$$$$:  126-block  7
call   27 never executed
branch 28 never executed
branch 29 never executed
    $$$$$:  126-block  8
call   30 never executed
call   31 never executed
call   32 never executed
        1:  126-block  9
call   33 returned 1
    %%%%%:  126-block 10
    %%%%%:  126-block 11
call   34 never executed
    %%%%%:  126-block 12
call   35 never executed
    %%%%%:  126-block 13
call   36 never executed
    %%%%%:  126-block 14
call   37 never executed
    %%%%%:  126-block 15
call   38 never executed
    %%%%%:  126-block 16
call   39 never executed
    %%%%%:  126-block 17
        1:  127:}
    %%%%%:  127-block  0
call    0 never executed
        -:  128:
function _ZN52esEncuestaValidaTEST_invalidaHogarSinIndividuos_TestD0Ev called 1 returned 100% blocks executed 100%
function _ZN52esEncuestaValidaTEST_invalidaHogarSinIndividuos_TestD1Ev called 1 returned 100% blocks executed 100%
function _ZN52esEncuestaValidaTEST_invalidaHogarSinIndividuos_Test8TestBodyEv called 1 returned 100% blocks executed 46%
function _ZN52esEncuestaValidaTEST_invalidaHogarSinIndividuos_TestC1Ev called 1 returned 100% blocks executed 100%
        8:  129:TEST(esEncuestaValidaTEST, invalidaHogarSinIndividuos) {
call    0 returned 1
call    1 returned 1
call    2 returned 1
call    3 returned 1
call    4 returned 1
branch  5 taken 1 (fallthrough)
branch  6 taken 0 (throw)
        1:  129-block  0
call    7 returned 1
branch  8 taken 1 (fallthrough)
branch  9 taken 0 (throw)
        1:  129-block  1
call   10 returned 1
branch 11 taken 1 (fallthrough)
branch 12 taken 0 (throw)
        1:  129-block  2
call   13 returned 1
call   14 returned 1
call   15 returned 1
    %%%%%:  129-block  3
call   16 never executed
    %%%%%:  129-block  4
call   17 never executed
    %%%%%:  129-block  5
call   18 never executed
call   19 never executed
        1:  129-block  6
        1:  129-block  7
call   20 returned 1
call   21 returned 1
        1:  129-block  8
        1:  129-block  9
call   22 returned 1
        1:  129-block 10
        1:  129-block 11
        1:  129-block 12
call   23 returned 1
        -:  130:    eph_h th = {{22114, 2020,   3,  319611, 629088, 3,  41, 0,  1,  3,  1,  2},
        -:  131:                {22866, 2020,   3,  317157, 627217, 2,  42, 1,  1,  2,  2,  2},
        5:  132:                {20957, 2020,   3,  313965, 623297, 1,  43, 0,  1,  3,  1,  2}};
        1:  132-block  0
call    0 returned 1
call    1 returned 1
branch  2 taken 1 (fallthrough)
branch  3 taken 0 (throw)
        1:  132-block  1
call    4 returned 1
call    5 returned 1
branch  6 taken 1 (fallthrough)
branch  7 taken 0 (throw)
        1:  132-block  2
call    8 returned 1
call    9 returned 1
branch 10 taken 1 (fallthrough)
branch 11 taken 0 (throw)
        1:  132-block  3
call   12 returned 1
call   13 returned 1
branch 14 taken 1 (fallthrough)
branch 15 taken 0 (throw)
        1:  132-block  4
call   16 returned 1
        4:  132-block  5
branch 17 taken 3 (fallthrough)
branch 18 taken 1
        3:  132-block  6
call   19 returned 3
        1:  132-block  7
call   20 returned 1
call   21 returned 1
call   22 returned 1
call   23 returned 1
    %%%%%:  132-block  8
    %%%%%:  132-block  9
branch 24 never executed
branch 25 never executed
    %%%%%:  132-block 10
call   26 never executed
    %%%%%:  132-block 11
    %%%%%:  132-block 12
call   27 never executed
    %%%%%:  132-block 13
call   28 never executed
    %%%%%:  132-block 14
call   29 never executed
    %%%%%:  132-block 15
call   30 never executed
    %%%%%:  132-block 16
call   31 never executed
        -:  133:    eph_i ti = {{20957, 2020,   1,  1,  3,  1,  88, 0,  0,  90000,  10},
        -:  134:                {20957, 2020,   2,  1,  3,  2,  82, 0,  0,  25000,  10},
        5:  135:                {22114, 2020,   1,  0,  3,  1,  18, 0,  0,  20000,  10}};
call    0 returned 1
call    1 returned 1
branch  2 taken 1 (fallthrough)
branch  3 taken 0 (throw)
        1:  135-block  0
call    4 returned 1
call    5 returned 1
branch  6 taken 1 (fallthrough)
branch  7 taken 0 (throw)
        1:  135-block  1
call    8 returned 1
call    9 returned 1
branch 10 taken 1 (fallthrough)
branch 11 taken 0 (throw)
        1:  135-block  2
call   12 returned 1
call   13 returned 1
branch 14 taken 1 (fallthrough)
branch 15 taken 0 (throw)
        1:  135-block  3
call   16 returned 1
        4:  135-block  4
branch 17 taken 3 (fallthrough)
branch 18 taken 1
        3:  135-block  5
call   19 returned 3
        1:  135-block  6
call   20 returned 1
call   21 returned 1
call   22 returned 1
call   23 returned 1
    %%%%%:  135-block  7
    %%%%%:  135-block  8
branch 24 never executed
branch 25 never executed
    %%%%%:  135-block  9
call   26 never executed
    %%%%%:  135-block 10
    %%%%%:  135-block 11
call   27 never executed
    %%%%%:  135-block 12
call   28 never executed
    %%%%%:  135-block 13
call   29 never executed
    %%%%%:  135-block 14
call   30 never executed
        -:  136:
        1:  137:    EXPECT_FALSE(esEncuestaValida(th, ti));
call    0 returned 1
branch  1 taken 1 (fallthrough)
branch  2 taken 0 (throw)
        1:  137-block  0
call    3 returned 1
branch  4 taken 1 (fallthrough)
branch  5 taken 0 (throw)
        1:  137-block  1
call    6 returned 1
branch  7 taken 1 (fallthrough)
branch  8 taken 0 (throw)
        1:  137-block  2
call    9 returned 1
branch 10 taken 1 (fallthrough)
branch 11 taken 0 (throw)
        1:  137-block  3
call   12 returned 1
call   13 returned 1
call   14 returned 1
branch 15 taken 0 (fallthrough)
branch 16 taken 1
    $$$$$:  137-block  4
call   17 never executed
branch 18 never executed
branch 19 never executed
    $$$$$:  137-block  5
call   20 never executed
branch 21 never executed
branch 22 never executed
    $$$$$:  137-block  6
call   23 never executed
call   24 never executed
branch 25 never executed
branch 26 never executed
    $$$$$:  137-block  7
call   27 never executed
branch 28 never executed
branch 29 never executed
    $$$$$:  137-block  8
call   30 never executed
call   31 never executed
call   32 never executed
        1:  137-block  9
call   33 returned 1
    %%%%%:  137-block 10
    %%%%%:  137-block 11
call   34 never executed
    %%%%%:  137-block 12
call   35 never executed
    %%%%%:  137-block 13
call   36 never executed
    %%%%%:  137-block 14
call   37 never executed
    %%%%%:  137-block 15
call   38 never executed
    %%%%%:  137-block 16
call   39 never executed
    %%%%%:  137-block 17
        1:  138:}
    %%%%%:  138-block  0
call    0 never executed
        -:  139:
function _ZN70esEncuestaValidaTEST_invalidaCantidadIncorrectaColumnasIndividuos_TestD0Ev called 1 returned 100% blocks executed 100%
function _ZN70esEncuestaValidaTEST_invalidaCantidadIncorrectaColumnasIndividuos_TestD1Ev called 1 returned 100% blocks executed 100%
function _ZN70esEncuestaValidaTEST_invalidaCantidadIncorrectaColumnasIndividuos_Test8TestBodyEv called 1 returned 100% blocks executed 47%
function _ZN70esEncuestaValidaTEST_invalidaCantidadIncorrectaColumnasIndividuos_TestC1Ev called 1 returned 100% blocks executed 100%
        8:  140:TEST(esEncuestaValidaTEST, invalidaCantidadIncorrectaColumnasIndividuos) {
call    0 returned 1
call    1 returned 1
call    2 returned 1
call    3 returned 1
call    4 returned 1
branch  5 taken 1 (fallthrough)
branch  6 taken 0 (throw)
        1:  140-block  0
call    7 returned 1
branch  8 taken 1 (fallthrough)
branch  9 taken 0 (throw)
        1:  140-block  1
call   10 returned 1
branch 11 taken 1 (fallthrough)
branch 12 taken 0 (throw)
        1:  140-block  2
call   13 returned 1
call   14 returned 1
call   15 returned 1
    %%%%%:  140-block  3
call   16 never executed
    %%%%%:  140-block  4
call   17 never executed
    %%%%%:  140-block  5
call   18 never executed
call   19 never executed
        1:  140-block  6
        1:  140-block  7
call   20 returned 1
call   21 returned 1
        1:  140-block  8
        1:  140-block  9
call   22 returned 1
        1:  140-block 10
        1:  140-block 11
        1:  140-block 12
call   23 returned 1
        -:  141:    eph_h th = {{22114, 2020,   3,  319611, 629088, 3,  41, 0,  1,  3,  1,  2},
        -:  142:                {22866, 2020,   3,  317157, 627217, 2,  42, 1,  1,  2,  2,  2},
        5:  143:                {20957, 2020,   3,  313965, 623297, 1,  43, 0,  1,  3,  1,  2}};
        1:  143-block  0
call    0 returned 1
call    1 returned 1
branch  2 taken 1 (fallthrough)
branch  3 taken 0 (throw)
        1:  143-block  1
call    4 returned 1
call    5 returned 1
branch  6 taken 1 (fallthrough)
branch  7 taken 0 (throw)
        1:  143-block  2
call    8 returned 1
call    9 returned 1
branch 10 taken 1 (fallthrough)
branch 11 taken 0 (throw)
        1:  143-block  3
call   12 returned 1
call   13 returned 1
branch 14 taken 1 (fallthrough)
branch 15 taken 0 (throw)
        1:  143-block  4
call   16 returned 1
        4:  143-block  5
branch 17 taken 3 (fallthrough)
branch 18 taken 1
        3:  143-block  6
call   19 returned 3
        1:  143-block  7
call   20 returned 1
call   21 returned 1
call   22 returned 1
call   23 returned 1
    %%%%%:  143-block  8
    %%%%%:  143-block  9
branch 24 never executed
branch 25 never executed
    %%%%%:  143-block 10
call   26 never executed
    %%%%%:  143-block 11
    %%%%%:  143-block 12
call   27 never executed
    %%%%%:  143-block 13
call   28 never executed
    %%%%%:  143-block 14
call   29 never executed
    %%%%%:  143-block 15
call   30 never executed
    %%%%%:  143-block 16
call   31 never executed
        -:  144:    eph_i ti = {{20957, 2020,   1,  1,  3,  1,  88, 0,  0,  90000},
        -:  145:                {20957, 2020,   2,  1,  3,  2,  82, 0,  0,  25000},
        -:  146:                {22866, 2020,   1,  0,  3,  1,  31, 1,  3,  59000},
        -:  147:                {22866, 2020,   2,  1,  3,  2,  28, 1,  3,  0    },
        7:  148:                {22114, 2020,   1,  0,  3,  1,  18, 0,  0,  20000}};
call    0 returned 1
call    1 returned 1
branch  2 taken 1 (fallthrough)
branch  3 taken 0 (throw)
        1:  148-block  0
call    4 returned 1
call    5 returned 1
branch  6 taken 1 (fallthrough)
branch  7 taken 0 (throw)
        1:  148-block  1
call    8 returned 1
call    9 returned 1
branch 10 taken 1 (fallthrough)
branch 11 taken 0 (throw)
        1:  148-block  2
call   12 returned 1
call   13 returned 1
branch 14 taken 1 (fallthrough)
branch 15 taken 0 (throw)
        1:  148-block  3
call   16 returned 1
call   17 returned 1
branch 18 taken 1 (fallthrough)
branch 19 taken 0 (throw)
        1:  148-block  4
call   20 returned 1
call   21 returned 1
branch 22 taken 1 (fallthrough)
branch 23 taken 0 (throw)
        1:  148-block  5
call   24 returned 1
        6:  148-block  6
branch 25 taken 5 (fallthrough)
branch 26 taken 1
        5:  148-block  7
call   27 returned 5
        1:  148-block  8
call   28 returned 1
call   29 returned 1
call   30 returned 1
call   31 returned 1
call   32 returned 1
call   33 returned 1
    %%%%%:  148-block  9
    %%%%%:  148-block 10
branch 34 never executed
branch 35 never executed
    %%%%%:  148-block 11
call   36 never executed
    %%%%%:  148-block 12
    %%%%%:  148-block 13
call   37 never executed
    %%%%%:  148-block 14
call   38 never executed
    %%%%%:  148-block 15
call   39 never executed
    %%%%%:  148-block 16
call   40 never executed
    %%%%%:  148-block 17
call   41 never executed
    %%%%%:  148-block 18
call   42 never executed
        -:  149:
        1:  150:    EXPECT_FALSE(esEncuestaValida(th, ti));
call    0 returned 1
branch  1 taken 1 (fallthrough)
branch  2 taken 0 (throw)
        1:  150-block  0
call    3 returned 1
branch  4 taken 1 (fallthrough)
branch  5 taken 0 (throw)
        1:  150-block  1
call    6 returned 1
branch  7 taken 1 (fallthrough)
branch  8 taken 0 (throw)
        1:  150-block  2
call    9 returned 1
branch 10 taken 1 (fallthrough)
branch 11 taken 0 (throw)
        1:  150-block  3
call   12 returned 1
call   13 returned 1
call   14 returned 1
branch 15 taken 0 (fallthrough)
branch 16 taken 1
    $$$$$:  150-block  4
call   17 never executed
branch 18 never executed
branch 19 never executed
    $$$$$:  150-block  5
call   20 never executed
branch 21 never executed
branch 22 never executed
    $$$$$:  150-block  6
call   23 never executed
call   24 never executed
branch 25 never executed
branch 26 never executed
    $$$$$:  150-block  7
call   27 never executed
branch 28 never executed
branch 29 never executed
    $$$$$:  150-block  8
call   30 never executed
call   31 never executed
call   32 never executed
        1:  150-block  9
call   33 returned 1
    %%%%%:  150-block 10
    %%%%%:  150-block 11
call   34 never executed
    %%%%%:  150-block 12
call   35 never executed
    %%%%%:  150-block 13
call   36 never executed
    %%%%%:  150-block 14
call   37 never executed
    %%%%%:  150-block 15
call   38 never executed
    %%%%%:  150-block 16
call   39 never executed
    %%%%%:  150-block 17
        1:  151:}
    %%%%%:  151-block  0
call    0 never executed
        -:  152:
function _ZN66esEncuestaValidaTEST_invalidaDistintoTrimestreEntreIndividuos_TestD0Ev called 1 returned 100% blocks executed 100%
function _ZN66esEncuestaValidaTEST_invalidaDistintoTrimestreEntreIndividuos_TestD1Ev called 1 returned 100% blocks executed 100%
function _ZN66esEncuestaValidaTEST_invalidaDistintoTrimestreEntreIndividuos_Test8TestBodyEv called 1 returned 100% blocks executed 47%
function _ZN66esEncuestaValidaTEST_invalidaDistintoTrimestreEntreIndividuos_TestC1Ev called 1 returned 100% blocks executed 100%
        8:  153:TEST(esEncuestaValidaTEST, invalidaDistintoTrimestreEntreIndividuos) {
call    0 returned 1
call    1 returned 1
call    2 returned 1
call    3 returned 1
call    4 returned 1
branch  5 taken 1 (fallthrough)
branch  6 taken 0 (throw)
        1:  153-block  0
call    7 returned 1
branch  8 taken 1 (fallthrough)
branch  9 taken 0 (throw)
        1:  153-block  1
call   10 returned 1
branch 11 taken 1 (fallthrough)
branch 12 taken 0 (throw)
        1:  153-block  2
call   13 returned 1
call   14 returned 1
call   15 returned 1
    %%%%%:  153-block  3
call   16 never executed
    %%%%%:  153-block  4
call   17 never executed
    %%%%%:  153-block  5
call   18 never executed
call   19 never executed
        1:  153-block  6
        1:  153-block  7
call   20 returned 1
call   21 returned 1
        1:  153-block  8
        1:  153-block  9
call   22 returned 1
        1:  153-block 10
        1:  153-block 11
        1:  153-block 12
call   23 returned 1
        -:  154:    eph_h th = {{22114, 2020,   3,  319611, 629088, 3,  41, 0,  1,  3,  1,  2},
        -:  155:                {22866, 2020,   3,  317157, 627217, 2,  42, 1,  1,  2,  2,  2},
        5:  156:                {20957, 2020,   3,  313965, 623297, 1,  43, 0,  1,  3,  1,  2}};
        1:  156-block  0
call    0 returned 1
call    1 returned 1
branch  2 taken 1 (fallthrough)
branch  3 taken 0 (throw)
        1:  156-block  1
call    4 returned 1
call    5 returned 1
branch  6 taken 1 (fallthrough)
branch  7 taken 0 (throw)
        1:  156-block  2
call    8 returned 1
call    9 returned 1
branch 10 taken 1 (fallthrough)
branch 11 taken 0 (throw)
        1:  156-block  3
call   12 returned 1
call   13 returned 1
branch 14 taken 1 (fallthrough)
branch 15 taken 0 (throw)
        1:  156-block  4
call   16 returned 1
        4:  156-block  5
branch 17 taken 3 (fallthrough)
branch 18 taken 1
        3:  156-block  6
call   19 returned 3
        1:  156-block  7
call   20 returned 1
call   21 returned 1
call   22 returned 1
call   23 returned 1
    %%%%%:  156-block  8
    %%%%%:  156-block  9
branch 24 never executed
branch 25 never executed
    %%%%%:  156-block 10
call   26 never executed
    %%%%%:  156-block 11
    %%%%%:  156-block 12
call   27 never executed
    %%%%%:  156-block 13
call   28 never executed
    %%%%%:  156-block 14
call   29 never executed
    %%%%%:  156-block 15
call   30 never executed
    %%%%%:  156-block 16
call   31 never executed
        -:  157:    eph_i ti = {{20957, 2020,   1,  1,  3,  1,  88, 0,  0,  90000,  10},
        -:  158:                {20957, 2020,   2,  1,  3,  2,  82, 0,  0,  25000,  10},
        -:  159:                {22866, 2020,   1,  0,  3,  1,  31, 1,  3,  59000,  10},
        -:  160:                {22866, 2020,   2,  1,  3,  2,  28, 1,  3,  0,      6},
        7:  161:                {22114, 2020,   1,  0,  2,  1,  18, 0,  0,  20000,  10}};
call    0 returned 1
call    1 returned 1
branch  2 taken 1 (fallthrough)
branch  3 taken 0 (throw)
        1:  161-block  0
call    4 returned 1
call    5 returned 1
branch  6 taken 1 (fallthrough)
branch  7 taken 0 (throw)
        1:  161-block  1
call    8 returned 1
call    9 returned 1
branch 10 taken 1 (fallthrough)
branch 11 taken 0 (throw)
        1:  161-block  2
call   12 returned 1
call   13 returned 1
branch 14 taken 1 (fallthrough)
branch 15 taken 0 (throw)
        1:  161-block  3
call   16 returned 1
call   17 returned 1
branch 18 taken 1 (fallthrough)
branch 19 taken 0 (throw)
        1:  161-block  4
call   20 returned 1
call   21 returned 1
branch 22 taken 1 (fallthrough)
branch 23 taken 0 (throw)
        1:  161-block  5
call   24 returned 1
        6:  161-block  6
branch 25 taken 5 (fallthrough)
branch 26 taken 1
        5:  161-block  7
call   27 returned 5
        1:  161-block  8
call   28 returned 1
call   29 returned 1
call   30 returned 1
call   31 returned 1
call   32 returned 1
call   33 returned 1
    %%%%%:  161-block  9
    %%%%%:  161-block 10
branch 34 never executed
branch 35 never executed
    %%%%%:  161-block 11
call   36 never executed
    %%%%%:  161-block 12
    %%%%%:  161-block 13
call   37 never executed
    %%%%%:  161-block 14
call   38 never executed
    %%%%%:  161-block 15
call   39 never executed
    %%%%%:  161-block 16
call   40 never executed
    %%%%%:  161-block 17
call   41 never executed
    %%%%%:  161-block 18
call   42 never executed
        -:  162:
        1:  163:    EXPECT_FALSE(esEncuestaValida(th, ti));
call    0 returned 1
branch  1 taken 1 (fallthrough)
branch  2 taken 0 (throw)
        1:  163-block  0
call    3 returned 1
branch  4 taken 1 (fallthrough)
branch  5 taken 0 (throw)
        1:  163-block  1
call    6 returned 1
branch  7 taken 1 (fallthrough)
branch  8 taken 0 (throw)
        1:  163-block  2
call    9 returned 1
branch 10 taken 1 (fallthrough)
branch 11 taken 0 (throw)
        1:  163-block  3
call   12 returned 1
call   13 returned 1
call   14 returned 1
branch 15 taken 0 (fallthrough)
branch 16 taken 1
    $$$$$:  163-block  4
call   17 never executed
branch 18 never executed
branch 19 never executed
    $$$$$:  163-block  5
call   20 never executed
branch 21 never executed
branch 22 never executed
    $$$$$:  163-block  6
call   23 never executed
call   24 never executed
branch 25 never executed
branch 26 never executed
    $$$$$:  163-block  7
call   27 never executed
branch 28 never executed
branch 29 never executed
    $$$$$:  163-block  8
call   30 never executed
call   31 never executed
call   32 never executed
        1:  163-block  9
call   33 returned 1
    %%%%%:  163-block 10
    %%%%%:  163-block 11
call   34 never executed
    %%%%%:  163-block 12
call   35 never executed
    %%%%%:  163-block 13
call   36 never executed
    %%%%%:  163-block 14
call   37 never executed
    %%%%%:  163-block 15
call   38 never executed
    %%%%%:  163-block 16
call   39 never executed
    %%%%%:  163-block 17
        1:  164:}
    %%%%%:  164-block  0
call    0 never executed
        -:  165:
function _ZN65esEncuestaValidaTEST_invalidaDormitoriosMayoresAHabitaciones_TestD0Ev called 1 returned 100% blocks executed 100%
function _ZN65esEncuestaValidaTEST_invalidaDormitoriosMayoresAHabitaciones_TestD1Ev called 1 returned 100% blocks executed 100%
function _ZN65esEncuestaValidaTEST_invalidaDormitoriosMayoresAHabitaciones_Test8TestBodyEv called 1 returned 100% blocks executed 47%
function _ZN65esEncuestaValidaTEST_invalidaDormitoriosMayoresAHabitaciones_TestC1Ev called 1 returned 100% blocks executed 100%
        8:  166:TEST(esEncuestaValidaTEST, invalidaDormitoriosMayoresAHabitaciones) {
call    0 returned 1
call    1 returned 1
call    2 returned 1
call    3 returned 1
call    4 returned 1
branch  5 taken 1 (fallthrough)
branch  6 taken 0 (throw)
        1:  166-block  0
call    7 returned 1
branch  8 taken 1 (fallthrough)
branch  9 taken 0 (throw)
        1:  166-block  1
call   10 returned 1
branch 11 taken 1 (fallthrough)
branch 12 taken 0 (throw)
        1:  166-block  2
call   13 returned 1
call   14 returned 1
call   15 returned 1
    %%%%%:  166-block  3
call   16 never executed
    %%%%%:  166-block  4
call   17 never executed
    %%%%%:  166-block  5
call   18 never executed
call   19 never executed
        1:  166-block  6
        1:  166-block  7
call   20 returned 1
call   21 returned 1
        1:  166-block  8
        1:  166-block  9
call   22 returned 1
        1:  166-block 10
        1:  166-block 11
        1:  166-block 12
call   23 returned 1
        -:  167:    //                                                cantidad de dormitorios
        -:  168:    //                                        cantidad de habitaciones  |
        -:  169:    //                                                              |   |
        -:  170:    //                                                              v   v
        -:  171:    eph_h th = {{22114, 2020,   3,  319611, 629088, 3,  41, 0,  1,  3,  1,  2},
        -:  172:                {22866, 2020,   3,  317157, 627217, 2,  42, 1,  1,  2,  5,  2},
        5:  173:                {20957, 2020,   3,  313965, 623297, 1,  43, 0,  1,  3,  1,  2}};
        1:  173-block  0
call    0 returned 1
call    1 returned 1
branch  2 taken 1 (fallthrough)
branch  3 taken 0 (throw)
        1:  173-block  1
call    4 returned 1
call    5 returned 1
branch  6 taken 1 (fallthrough)
branch  7 taken 0 (throw)
        1:  173-block  2
call    8 returned 1
call    9 returned 1
branch 10 taken 1 (fallthrough)
branch 11 taken 0 (throw)
        1:  173-block  3
call   12 returned 1
call   13 returned 1
branch 14 taken 1 (fallthrough)
branch 15 taken 0 (throw)
        1:  173-block  4
call   16 returned 1
        4:  173-block  5
branch 17 taken 3 (fallthrough)
branch 18 taken 1
        3:  173-block  6
call   19 returned 3
        1:  173-block  7
call   20 returned 1
call   21 returned 1
call   22 returned 1
call   23 returned 1
    %%%%%:  173-block  8
    %%%%%:  173-block  9
branch 24 never executed
branch 25 never executed
    %%%%%:  173-block 10
call   26 never executed
    %%%%%:  173-block 11
    %%%%%:  173-block 12
call   27 never executed
    %%%%%:  173-block 13
[...]
branch 10 taken 1 (fallthrough)
branch 11 taken 0 (throw)
        1:  230-block  3
call   12 returned 1
call   13 returned 1
call   14 returned 1
branch 15 taken 0 (fallthrough)
branch 16 taken 1
    $$$$$:  230-block  4
call   17 never executed
branch 18 never executed
branch 19 never executed
    $$$$$:  230-block  5
call   20 never executed
branch 21 never executed
branch 22 never executed
    $$$$$:  230-block  6
call   23 never executed
call   24 never executed
branch 25 never executed
branch 26 never executed
    $$$$$:  230-block  7
call   27 never executed
branch 28 never executed
branch 29 never executed
    $$$$$:  230-block  8
call   30 never executed
call   31 never executed
call   32 never executed
        1:  230-block  9
call   33 returned 1
    %%%%%:  230-block 10
    %%%%%:  230-block 11
call   34 never executed
    %%%%%:  230-block 12
call   35 never executed
    %%%%%:  230-block 13
call   36 never executed
    %%%%%:  230-block 14
call   37 never executed
    %%%%%:  230-block 15
call   38 never executed
    %%%%%:  230-block 16
call   39 never executed
    %%%%%:  230-block 17
        1:  231:}
    %%%%%:  231-block  0
call    0 never executed
        -:  232:
function _ZN48esEncuestaValidaTEST_validaTrimestreEnRango_TestD0Ev called 1 returned 100% blocks executed 100%
function _ZN48esEncuestaValidaTEST_validaTrimestreEnRango_TestD1Ev called 1 returned 100% blocks executed 100%
function _ZN48esEncuestaValidaTEST_validaTrimestreEnRango_Test8TestBodyEv called 1 returned 100% blocks executed 40%
function _ZN48esEncuestaValidaTEST_validaTrimestreEnRango_TestC1Ev called 1 returned 100% blocks executed 100%
        8:  233:TEST(esEncuestaValidaTEST, validaTrimestreEnRango) {
call    0 returned 1
call    1 returned 1
call    2 returned 1
call    3 returned 1
call    4 returned 1
branch  5 taken 1 (fallthrough)
branch  6 taken 0 (throw)
        1:  233-block  0
call    7 returned 1
branch  8 taken 1 (fallthrough)
branch  9 taken 0 (throw)
        1:  233-block  1
call   10 returned 1
branch 11 taken 1 (fallthrough)
branch 12 taken 0 (throw)
        1:  233-block  2
call   13 returned 1
call   14 returned 1
call   15 returned 1
    %%%%%:  233-block  3
call   16 never executed
    %%%%%:  233-block  4
call   17 never executed
    %%%%%:  233-block  5
call   18 never executed
call   19 never executed
        1:  233-block  6
        1:  233-block  7
call   20 returned 1
call   21 returned 1
        1:  233-block  8
        1:  233-block  9
call   22 returned 1
        1:  233-block 10
        1:  233-block 11
        1:  233-block 12
call   23 returned 1
        3:  234:    eph_h th = {{22114, 2020,   3,  319611, 629088, 3,  41, 0,  1,  3,  1,  2}};
        1:  234-block  0
call    0 returned 1
call    1 returned 1
branch  2 taken 1 (fallthrough)
branch  3 taken 0 (throw)
        1:  234-block  1
call    4 returned 1
call    5 returned 1
branch  6 taken 1 (fallthrough)
branch  7 taken 0 (throw)
        1:  234-block  2
call    8 returned 1
        2:  234-block  3
branch  9 taken 1 (fallthrough)
branch 10 taken 1
        1:  234-block  4
call   11 returned 1
        1:  234-block  5
call   12 returned 1
call   13 returned 1
    %%%%%:  234-block  6
    %%%%%:  234-block  7
branch 14 never executed
branch 15 never executed
    %%%%%:  234-block  8
call   16 never executed
    %%%%%:  234-block  9
    %%%%%:  234-block 10
call   17 never executed
    %%%%%:  234-block 11
call   18 never executed
    %%%%%:  234-block 12
call   19 never executed
        3:  235:    eph_i ti = {{22114, 2020,   1,  0,  3,  1,  18, 0,  0,  20000,  10}};
call    0 returned 1
call    1 returned 1
branch  2 taken 1 (fallthrough)
branch  3 taken 0 (throw)
        1:  235-block  0
call    4 returned 1
call    5 returned 1
branch  6 taken 1 (fallthrough)
branch  7 taken 0 (throw)
        1:  235-block  1
call    8 returned 1
        2:  235-block  2
branch  9 taken 1 (fallthrough)
branch 10 taken 1
        1:  235-block  3
call   11 returned 1
        1:  235-block  4
call   12 returned 1
call   13 returned 1
    %%%%%:  235-block  5
    %%%%%:  235-block  6
branch 14 never executed
branch 15 never executed
    %%%%%:  235-block  7
call   16 never executed
    %%%%%:  235-block  8
    %%%%%:  235-block  9
call   17 never executed
    %%%%%:  235-block 10
call   18 never executed
        1:  236:    EXPECT_TRUE(esEncuestaValida(th, ti));
call    0 returned 1
branch  1 taken 1 (fallthrough)
branch  2 taken 0 (throw)
        1:  236-block  0
call    3 returned 1
branch  4 taken 1 (fallthrough)
branch  5 taken 0 (throw)
        1:  236-block  1
call    6 returned 1
branch  7 taken 1 (fallthrough)
branch  8 taken 0 (throw)
        1:  236-block  2
call    9 returned 1
branch 10 taken 1 (fallthrough)
branch 11 taken 0 (throw)
        1:  236-block  3
call   12 returned 1
call   13 returned 1
call   14 returned 1
branch 15 taken 0 (fallthrough)
branch 16 taken 1
    $$$$$:  236-block  4
call   17 never executed
branch 18 never executed
branch 19 never executed
    $$$$$:  236-block  5
call   20 never executed
branch 21 never executed
branch 22 never executed
    $$$$$:  236-block  6
call   23 never executed
call   24 never executed
branch 25 never executed
branch 26 never executed
    $$$$$:  236-block  7
call   27 never executed
branch 28 never executed
branch 29 never executed
    $$$$$:  236-block  8
call   30 never executed
call   31 never executed
call   32 never executed
        1:  236-block  9
call   33 returned 1
    %%%%%:  236-block 10
    %%%%%:  236-block 11
call   34 never executed
    %%%%%:  236-block 12
call   35 never executed
    %%%%%:  236-block 13
call   36 never executed
    %%%%%:  236-block 14
call   37 never executed
    %%%%%:  236-block 15
call   38 never executed
    %%%%%:  236-block 16
call   39 never executed
    %%%%%:  236-block 17
        -:  237:
        1:  238:    th[0][HOGTRIMESTRE] = 1;
call    0 returned 1
call    1 returned 1
        1:  239:    ti[0][INDTRIMESTRE] = 1;
call    0 returned 1
call    1 returned 1
        1:  240:    EXPECT_TRUE(esEncuestaValida(th, ti));
call    0 returned 1
branch  1 taken 1 (fallthrough)
branch  2 taken 0 (throw)
        1:  240-block  0
call    3 returned 1
branch  4 taken 1 (fallthrough)
branch  5 taken 0 (throw)
        1:  240-block  1
call    6 returned 1
branch  7 taken 1 (fallthrough)
branch  8 taken 0 (throw)
        1:  240-block  2
call    9 returned 1
branch 10 taken 1 (fallthrough)
branch 11 taken 0 (throw)
        1:  240-block  3
call   12 returned 1
call   13 returned 1
call   14 returned 1
branch 15 taken 0 (fallthrough)
branch 16 taken 1
    $$$$$:  240-block  4
call   17 never executed
branch 18 never executed
branch 19 never executed
    $$$$$:  240-block  5
call   20 never executed
branch 21 never executed
branch 22 never executed
    $$$$$:  240-block  6
call   23 never executed
call   24 never executed
branch 25 never executed
branch 26 never executed
    $$$$$:  240-block  7
call   27 never executed
branch 28 never executed
branch 29 never executed
    $$$$$:  240-block  8
call   30 never executed
call   31 never executed
call   32 never executed
        1:  240-block  9
call   33 returned 1
    %%%%%:  240-block 10
    %%%%%:  240-block 11
call   34 never executed
    %%%%%:  240-block 12
call   35 never executed
    %%%%%:  240-block 13
call   36 never executed
    %%%%%:  240-block 14
call   37 never executed
    %%%%%:  240-block 15
call   38 never executed
    %%%%%:  240-block 16
call   39 never executed
    %%%%%:  240-block 17
        1:  241:}
    %%%%%:  241-block  0
call    0 never executed
        -:  242:
function _ZN44esEncuestaValidaTEST_validaAnioNegativo_TestD0Ev called 1 returned 100% blocks executed 100%
function _ZN44esEncuestaValidaTEST_validaAnioNegativo_TestD1Ev called 1 returned 100% blocks executed 100%
function _ZN44esEncuestaValidaTEST_validaAnioNegativo_Test8TestBodyEv called 1 returned 100% blocks executed 42%
function _ZN44esEncuestaValidaTEST_validaAnioNegativo_TestC1Ev called 1 returned 100% blocks executed 100%
        8:  243:TEST(esEncuestaValidaTEST, validaAnioNegativo) {
call    0 returned 1
call    1 returned 1
call    2 returned 1
call    3 returned 1
call    4 returned 1
branch  5 taken 1 (fallthrough)
branch  6 taken 0 (throw)
        1:  243-block  0
call    7 returned 1
branch  8 taken 1 (fallthrough)
branch  9 taken 0 (throw)
        1:  243-block  1
call   10 returned 1
branch 11 taken 1 (fallthrough)
branch 12 taken 0 (throw)
        1:  243-block  2
call   13 returned 1
call   14 returned 1
call   15 returned 1
    %%%%%:  243-block  3
call   16 never executed
    %%%%%:  243-block  4
call   17 never executed
    %%%%%:  243-block  5
call   18 never executed
call   19 never executed
        1:  243-block  6
        1:  243-block  7
call   20 returned 1
call   21 returned 1
        1:  243-block  8
        1:  243-block  9
call   22 returned 1
        1:  243-block 10
        1:  243-block 11
        1:  243-block 12
call   23 returned 1
        3:  244:    eph_h th = {{22114, -2020,   3,  319611, 629088, 3,  41, 0,  1,  3,  1,  2}};
        1:  244-block  0
call    0 returned 1
call    1 returned 1
branch  2 taken 1 (fallthrough)
branch  3 taken 0 (throw)
        1:  244-block  1
call    4 returned 1
call    5 returned 1
branch  6 taken 1 (fallthrough)
branch  7 taken 0 (throw)
        1:  244-block  2
call    8 returned 1
        2:  244-block  3
branch  9 taken 1 (fallthrough)
branch 10 taken 1
        1:  244-block  4
call   11 returned 1
        1:  244-block  5
call   12 returned 1
call   13 returned 1
    %%%%%:  244-block  6
    %%%%%:  244-block  7
branch 14 never executed
branch 15 never executed
    %%%%%:  244-block  8
call   16 never executed
    %%%%%:  244-block  9
    %%%%%:  244-block 10
call   17 never executed
    %%%%%:  244-block 11
call   18 never executed
    %%%%%:  244-block 12
call   19 never executed
        3:  245:    eph_i ti = {{22114, -2020,   1,  0,  3,  1,  18, 0,  0,  20000,  10}};
call    0 returned 1
call    1 returned 1
branch  2 taken 1 (fallthrough)
branch  3 taken 0 (throw)
        1:  245-block  0
call    4 returned 1
call    5 returned 1
branch  6 taken 1 (fallthrough)
branch  7 taken 0 (throw)
        1:  245-block  1
call    8 returned 1
        2:  245-block  2
branch  9 taken 1 (fallthrough)
branch 10 taken 1
        1:  245-block  3
call   11 returned 1
        1:  245-block  4
call   12 returned 1
call   13 returned 1
    %%%%%:  245-block  5
    %%%%%:  245-block  6
branch 14 never executed
branch 15 never executed
    %%%%%:  245-block  7
call   16 never executed
    %%%%%:  245-block  8
    %%%%%:  245-block  9
call   17 never executed
    %%%%%:  245-block 10
call   18 never executed
        1:  246:    EXPECT_TRUE(esEncuestaValida(th, ti));
call    0 returned 1
branch  1 taken 1 (fallthrough)
branch  2 taken 0 (throw)
        1:  246-block  0
call    3 returned 1
branch  4 taken 1 (fallthrough)
branch  5 taken 0 (throw)
        1:  246-block  1
call    6 returned 1
branch  7 taken 1 (fallthrough)
branch  8 taken 0 (throw)
        1:  246-block  2
call    9 returned 1
branch 10 taken 1 (fallthrough)
branch 11 taken 0 (throw)
        1:  246-block  3
call   12 returned 1
call   13 returned 1
call   14 returned 1
branch 15 taken 0 (fallthrough)
branch 16 taken 1
    $$$$$:  246-block  4
call   17 never executed
branch 18 never executed
branch 19 never executed
    $$$$$:  246-block  5
call   20 never executed
branch 21 never executed
branch 22 never executed
    $$$$$:  246-block  6
call   23 never executed
call   24 never executed
branch 25 never executed
branch 26 never executed
    $$$$$:  246-block  7
call   27 never executed
branch 28 never executed
branch 29 never executed
    $$$$$:  246-block  8
call   30 never executed
call   31 never executed
call   32 never executed
        1:  246-block  9
call   33 returned 1
    %%%%%:  246-block 10
    %%%%%:  246-block 11
call   34 never executed
    %%%%%:  246-block 12
call   35 never executed
    %%%%%:  246-block 13
call   36 never executed
    %%%%%:  246-block 14
call   37 never executed
    %%%%%:  246-block 15
call   38 never executed
    %%%%%:  246-block 16
call   39 never executed
    %%%%%:  246-block 17
        1:  247:}
    %%%%%:  247-block  0
call    0 never executed
        -:  248:
function _ZN43histHabitacionalTEST_validaeph2018_100_TestD0Ev called 1 returned 100% blocks executed 100%
function _ZN43histHabitacionalTEST_validaeph2018_100_TestD1Ev called 1 returned 100% blocks executed 100%
function _ZN43histHabitacionalTEST_validaeph2018_100_Test8TestBodyEv called 1 returned 100% blocks executed 42%
function _ZN43histHabitacionalTEST_validaeph2018_100_TestC1Ev called 1 returned 100% blocks executed 100%
        8:  249:TEST(histHabitacionalTEST, validaeph2018_100) {
call    0 returned 1
call    1 returned 1
call    2 returned 1
call    3 returned 1
call    4 returned 1
branch  5 taken 1 (fallthrough)
branch  6 taken 0 (throw)
        1:  249-block  0
call    7 returned 1
branch  8 taken 1 (fallthrough)
branch  9 taken 0 (throw)
        1:  249-block  1
call   10 returned 1
branch 11 taken 1 (fallthrough)
branch 12 taken 0 (throw)
        1:  249-block  2
call   13 returned 1
call   14 returned 1
call   15 returned 1
    %%%%%:  249-block  3
call   16 never executed
    %%%%%:  249-block  4
call   17 never executed
    %%%%%:  249-block  5
call   18 never executed
call   19 never executed
        1:  249-block  6
        1:  249-block  7
call   20 returned 1
call   21 returned 1
        1:  249-block  8
        1:  249-block  9
call   22 returned 1
        1:  249-block 10
        1:  249-block 11
        1:  249-block 12
call   23 returned 1
        2:  250:    eph_h th;
        1:  250-block  0
call    0 returned 1
call    1 returned 1
    %%%%%:  250-block  1
call    2 never executed
        2:  251:    eph_i ti;
call    0 returned 1
call    1 returned 1
    %%%%%:  251-block  0
call    2 never executed
        1:  252:    leerEncuesta ( "eph_3c_2018_100", th, ti );
call    0 returned 1
call    1 returned 1
branch  2 taken 1 (fallthrough)
branch  3 taken 0 (throw)
        1:  252-block  0
call    4 returned 1
branch  5 taken 1 (fallthrough)
branch  6 taken 0 (throw)
        1:  252-block  1
call    7 returned 1
call    8 returned 1
    %%%%%:  252-block  2
call    9 never executed
    %%%%%:  252-block  3
call   10 never executed
        -:  253:
        1:  254:    EXPECT_EQ( true, esEncuestaValida(th, ti) );
call    0 returned 1
branch  1 taken 1 (fallthrough)
branch  2 taken 0 (throw)
        1:  254-block  0
call    3 returned 1
branch  4 taken 1 (fallthrough)
branch  5 taken 0 (throw)
        1:  254-block  1
call    6 returned 1
branch  7 taken 1 (fallthrough)
branch  8 taken 0 (throw)
        1:  254-block  2
call    9 returned 1
branch 10 taken 1 (fallthrough)
branch 11 taken 0 (throw)
        1:  254-block  3
call   12 returned 1
call   13 returned 1
call   14 returned 1
branch 15 taken 0 (fallthrough)
branch 16 taken 1
    $$$$$:  254-block  4
call   17 never executed
branch 18 never executed
branch 19 never executed
    $$$$$:  254-block  5
call   20 never executed
branch 21 never executed
branch 22 never executed
    $$$$$:  254-block  6
call   23 never executed
branch 24 never executed
branch 25 never executed
    $$$$$:  254-block  7
call   26 never executed
branch 27 never executed
branch 28 never executed
    $$$$$:  254-block  8
call   29 never executed
call   30 never executed
        1:  254-block  9
call   31 returned 1
    %%%%%:  254-block 10
    %%%%%:  254-block 11
    %%%%%:  254-block 12
call   32 never executed
    %%%%%:  254-block 13
call   33 never executed
    %%%%%:  254-block 14
call   34 never executed
    %%%%%:  254-block 15
call   35 never executed
    %%%%%:  254-block 16
call   36 never executed
    %%%%%:  254-block 17
        1:  255:}
        -:  256:
function _ZN43histHabitacionalTEST_validaeph2020_100_TestD0Ev called 1 returned 100% blocks executed 100%
function _ZN43histHabitacionalTEST_validaeph2020_100_TestD1Ev called 1 returned 100% blocks executed 100%
function _ZN43histHabitacionalTEST_validaeph2020_100_Test8TestBodyEv called 1 returned 100% blocks executed 42%
function _ZN43histHabitacionalTEST_validaeph2020_100_TestC1Ev called 1 returned 100% blocks executed 100%
        8:  257:TEST(histHabitacionalTEST, validaeph2020_100) {
call    0 returned 1
call    1 returned 1
call    2 returned 1
call    3 returned 1
call    4 returned 1
branch  5 taken 1 (fallthrough)
branch  6 taken 0 (throw)
        1:  257-block  0
call    7 returned 1
branch  8 taken 1 (fallthrough)
branch  9 taken 0 (throw)
        1:  257-block  1
call   10 returned 1
branch 11 taken 1 (fallthrough)
branch 12 taken 0 (throw)
        1:  257-block  2
call   13 returned 1
call   14 returned 1
call   15 returned 1
    %%%%%:  257-block  3
call   16 never executed
    %%%%%:  257-block  4
call   17 never executed
    %%%%%:  257-block  5
call   18 never executed
        1:  257-block  6
        1:  257-block  7
call   19 returned 1
call   20 returned 1
        1:  257-block  8
        1:  257-block  9
call   21 returned 1
        1:  257-block 10
        1:  257-block 11
        1:  257-block 12
call   22 returned 1
        2:  258:    eph_h th;
        1:  258-block  0
call    0 returned 1
call    1 returned 1
    %%%%%:  258-block  1
call    2 never executed
        2:  259:    eph_i ti;
call    0 returned 1
call    1 returned 1
    %%%%%:  259-block  0
call    2 never executed
        1:  260:    leerEncuesta ( "eph_3c_2020_100", th, ti );
call    0 returned 1
call    1 returned 1
branch  2 taken 1 (fallthrough)
branch  3 taken 0 (throw)
        1:  260-block  0
call    4 returned 1
branch  5 taken 1 (fallthrough)
branch  6 taken 0 (throw)
        1:  260-block  1
call    7 returned 1
call    8 returned 1
    %%%%%:  260-block  2
call    9 never executed
    %%%%%:  260-block  3
call   10 never executed
        -:  261:
        1:  262:    EXPECT_EQ( true, esEncuestaValida(th, ti) );
call    0 returned 1
branch  1 taken 1 (fallthrough)
branch  2 taken 0 (throw)
        1:  262-block  0
call    3 returned 1
branch  4 taken 1 (fallthrough)
branch  5 taken 0 (throw)
        1:  262-block  1
call    6 returned 1
branch  7 taken 1 (fallthrough)
branch  8 taken 0 (throw)
        1:  262-block  2
call    9 returned 1
branch 10 taken 1 (fallthrough)
branch 11 taken 0 (throw)
        1:  262-block  3
call   12 returned 1
call   13 returned 1
call   14 returned 1
branch 15 taken 0 (fallthrough)
branch 16 taken 1
    $$$$$:  262-block  4
call   17 never executed
branch 18 never executed
branch 19 never executed
    $$$$$:  262-block  5
call   20 never executed
branch 21 never executed
branch 22 never executed
    $$$$$:  262-block  6
call   23 never executed
branch 24 never executed
branch 25 never executed
    $$$$$:  262-block  7
call   26 never executed
branch 27 never executed
branch 28 never executed
    $$$$$:  262-block  8
call   29 never executed
call   30 never executed
        1:  262-block  9
call   31 returned 1
    %%%%%:  262-block 10
    %%%%%:  262-block 11
    %%%%%:  262-block 12
call   32 never executed
    %%%%%:  262-block 13
call   33 never executed
    %%%%%:  262-block 14
call   34 never executed
    %%%%%:  262-block 15
call   35 never executed
    %%%%%:  262-block 16
call   36 never executed
    %%%%%:  262-block 17
function _GLOBAL__sub_I__ZN32esEncuestaValidaTEST_valida_Test10test_info_E called 1 returned 100% blocks executed 100%
function _Z41__static_initialization_and_destruction_0ii called 1 returned 100% blocks executed 63%
        5:  263:}
        1:  263-block  0
        1:  263-block  1
call    0 returned 1
        1:  263-block  2
        1:  263-block  3
branch  1 taken 1 (fallthrough)
branch  2 taken 0
        1:  263-block  4
branch  3 taken 1 (fallthrough)
branch  4 taken 0
        1:  263-block  5
        -:  264:
