        -:    0:Source:C:/Users/Rami y Santi/Desktop/UBA Exactas/Segundo Cuatrimestre 2021/Algo1/Parciales y Tps/TPI/Nueva carpeta/template-alumnos/test/histogramaDeAnillosConcentricosTEST.cpp
        -:    0:Graph:C:\Users\Rami y Santi\Desktop\UBA Exactas\Segundo Cuatrimestre 2021\Algo1\Parciales y Tps\TPI\Nueva carpeta\template-alumnos\cmake-build-debug\CMakeFiles\tpi.dir\test\histogramaDeAnillosConcentricosTEST.gcno
        -:    0:Data:C:\Users\Rami y Santi\Desktop\UBA Exactas\Segundo Cuatrimestre 2021\Algo1\Parciales y Tps\TPI\Nueva carpeta\template-alumnos\cmake-build-debug\CMakeFiles\tpi.dir\test\histogramaDeAnillosConcentricosTEST.gcda
        -:    0:Runs:1
        -:    0:Programs:1
        -:    1:#include "../definiciones.h"
        -:    2:#include "../Funciones_TPI.h"
        -:    3:#include "../ejercicios.h"
        -:    4:#include "../auxiliares.h"
        -:    5:#include "gtest/gtest.h"
        -:    6:#include <iostream>
        -:    7:#include <string>
        -:    8:
        -:    9:using namespace std;
        -:   10:
        -:   11:pair<eph_h, eph_i> encuesta_prueba(vector<pair<int, int>> pos);
        -:   12:
        -:   13:
function _ZN55histogramaDeAnillosConcentricosTEST_primeroYUltimo_TestD0Ev called 1 returned 100% blocks executed 100%
function _ZN55histogramaDeAnillosConcentricosTEST_primeroYUltimo_TestD1Ev called 1 returned 100% blocks executed 100%
function _ZN55histogramaDeAnillosConcentricosTEST_primeroYUltimo_Test8TestBodyEv called 1 returned 100% blocks executed 45%
function _ZN55histogramaDeAnillosConcentricosTEST_primeroYUltimo_TestC1Ev called 1 returned 100% blocks executed 100%
        8:   14:TEST(histogramaDeAnillosConcentricosTEST, primeroYUltimo) {
call    0 returned 1
call    1 returned 1
call    2 returned 1
call    3 returned 1
call    4 returned 1
branch  5 taken 1 (fallthrough)
branch  6 taken 0 (throw)
        1:   14-block  0
call    7 returned 1
branch  8 taken 1 (fallthrough)
branch  9 taken 0 (throw)
        1:   14-block  1
call   10 returned 1
branch 11 taken 1 (fallthrough)
branch 12 taken 0 (throw)
        1:   14-block  2
call   13 returned 1
call   14 returned 1
call   15 returned 1
    %%%%%:   14-block  3
call   16 never executed
    %%%%%:   14-block  4
call   17 never executed
    %%%%%:   14-block  5
call   18 never executed
call   19 never executed
        1:   14-block  6
        1:   14-block  7
call   20 returned 1
call   21 returned 1
        1:   14-block  8
        1:   14-block  9
call   22 returned 1
        1:   14-block 10
        1:   14-block 11
        1:   14-block 12
call   23 returned 1
        2:   15:    vector<int> distancias = {10, 20, 50, 100};
        1:   15-block  0
call    0 returned 1
call    1 returned 1
branch  2 taken 1 (fallthrough)
branch  3 taken 0 (throw)
        1:   15-block  1
call    4 returned 1
call    5 returned 1
    %%%%%:   15-block  2
call    6 never executed
    %%%%%:   15-block  3
call    7 never executed
        -:   16:
        1:   17:    pair<int, int> centro = {0, 0};
call    0 returned 1
        -:   18:
        -:   19:    pair<eph_h, eph_i> p = encuesta_prueba({
        -:   20:        {1, 1},     // 1.41
        -:   21:        {3, 5},     // 5.83
        -:   22:        {53, 5},    // 52.24
        -:   23:        {101, 21},  // 103.16
        2:   24:    });
call    0 returned 1
call    1 returned 1
branch  2 taken 1 (fallthrough)
branch  3 taken 0 (throw)
        1:   24-block  0
call    4 returned 1
branch  5 taken 1 (fallthrough)
branch  6 taken 0 (throw)
        1:   24-block  1
call    7 returned 1
call    8 returned 1
call    9 returned 1
    %%%%%:   24-block  2
call   10 never executed
    %%%%%:   24-block  3
call   11 never executed
    %%%%%:   24-block  4
call   12 never executed
        -:   25:
        2:   26:    vector<int> res = {2, 0, 0, 1};
call    0 returned 1
call    1 returned 1
branch  2 taken 1 (fallthrough)
branch  3 taken 0 (throw)
        1:   26-block  0
call    4 returned 1
call    5 returned 1
    %%%%%:   26-block  1
call    6 never executed
    %%%%%:   26-block  2
call    7 never executed
        -:   27:
        1:   28:    EXPECT_EQ(res, histogramaDeAnillosConcentricos(p.first, p.second, centro, distancias));
call    0 returned 1
branch  1 taken 1 (fallthrough)
branch  2 taken 0 (throw)
        1:   28-block  0
call    3 returned 1
branch  4 taken 1 (fallthrough)
branch  5 taken 0 (throw)
        1:   28-block  1
call    6 returned 1
branch  7 taken 1 (fallthrough)
branch  8 taken 0 (throw)
        1:   28-block  2
call    9 returned 1
branch 10 taken 1 (fallthrough)
branch 11 taken 0 (throw)
        1:   28-block  3
call   12 returned 1
branch 13 taken 1 (fallthrough)
branch 14 taken 0 (throw)
        1:   28-block  4
call   15 returned 1
call   16 returned 1
call   17 returned 1
call   18 returned 1
call   19 returned 1
branch 20 taken 0 (fallthrough)
branch 21 taken 1
    $$$$$:   28-block  5
call   22 never executed
branch 23 never executed
branch 24 never executed
    $$$$$:   28-block  6
call   25 never executed
branch 26 never executed
branch 27 never executed
    $$$$$:   28-block  7
call   28 never executed
branch 29 never executed
branch 30 never executed
    $$$$$:   28-block  8
call   31 never executed
branch 32 never executed
branch 33 never executed
    $$$$$:   28-block  9
call   34 never executed
call   35 never executed
        1:   28-block 10
call   36 returned 1
    %%%%%:   28-block 11
call   37 never executed
    %%%%%:   28-block 12
call   38 never executed
    %%%%%:   28-block 13
call   39 never executed
    %%%%%:   28-block 14
call   40 never executed
    %%%%%:   28-block 15
call   41 never executed
    %%%%%:   28-block 16
call   42 never executed
    %%%%%:   28-block 17
        1:   29:}
    %%%%%:   29-block  0
call    0 never executed
        -:   30:
function _ZN57histogramaDeAnillosConcentricosTEST_cuatroCuadrantes_TestD0Ev called 1 returned 100% blocks executed 100%
function _ZN57histogramaDeAnillosConcentricosTEST_cuatroCuadrantes_TestD1Ev called 1 returned 100% blocks executed 100%
function _ZN57histogramaDeAnillosConcentricosTEST_cuatroCuadrantes_Test8TestBodyEv called 1 returned 100% blocks executed 45%
function _ZN57histogramaDeAnillosConcentricosTEST_cuatroCuadrantes_TestC1Ev called 1 returned 100% blocks executed 100%
        8:   31:TEST(histogramaDeAnillosConcentricosTEST, cuatroCuadrantes) {
call    0 returned 1
call    1 returned 1
call    2 returned 1
call    3 returned 1
call    4 returned 1
branch  5 taken 1 (fallthrough)
branch  6 taken 0 (throw)
        1:   31-block  0
call    7 returned 1
branch  8 taken 1 (fallthrough)
branch  9 taken 0 (throw)
        1:   31-block  1
call   10 returned 1
branch 11 taken 1 (fallthrough)
branch 12 taken 0 (throw)
        1:   31-block  2
call   13 returned 1
call   14 returned 1
call   15 returned 1
    %%%%%:   31-block  3
call   16 never executed
    %%%%%:   31-block  4
call   17 never executed
    %%%%%:   31-block  5
call   18 never executed
        1:   31-block  6
        1:   31-block  7
call   19 returned 1
call   20 returned 1
        1:   31-block  8
        1:   31-block  9
call   21 returned 1
        1:   31-block 10
        1:   31-block 11
        1:   31-block 12
call   22 returned 1
        -:   32:
        2:   33:    vector<int> distancias = {10, 20, 50, 100};
        1:   33-block  0
call    0 returned 1
call    1 returned 1
branch  2 taken 1 (fallthrough)
branch  3 taken 0 (throw)
        1:   33-block  1
call    4 returned 1
call    5 returned 1
    %%%%%:   33-block  2
call    6 never executed
    %%%%%:   33-block  3
call    7 never executed
        -:   34:
        1:   35:    pair<int, int> centro = {0, 0};
call    0 returned 1
        -:   36:
        -:   37:    pair<eph_h, eph_i> p = encuesta_prueba({
        -:   38:        {11, 11},
        -:   39:        {-11, -11},
        -:   40:        {-11, 11},
        -:   41:        {11, -11}
        2:   42:    });
call    0 returned 1
call    1 returned 1
branch  2 taken 1 (fallthrough)
branch  3 taken 0 (throw)
        1:   42-block  0
call    4 returned 1
branch  5 taken 1 (fallthrough)
branch  6 taken 0 (throw)
        1:   42-block  1
call    7 returned 1
call    8 returned 1
call    9 returned 1
    %%%%%:   42-block  2
call   10 never executed
    %%%%%:   42-block  3
call   11 never executed
    %%%%%:   42-block  4
call   12 never executed
        -:   43:
        2:   44:    vector<int> res = {0, 4, 0, 0};
call    0 returned 1
call    1 returned 1
branch  2 taken 1 (fallthrough)
branch  3 taken 0 (throw)
        1:   44-block  0
call    4 returned 1
call    5 returned 1
    %%%%%:   44-block  1
call    6 never executed
    %%%%%:   44-block  2
call    7 never executed
        -:   45:
        1:   46:    EXPECT_EQ(res, histogramaDeAnillosConcentricos(p.first, p.second, centro, distancias));
call    0 returned 1
branch  1 taken 1 (fallthrough)
branch  2 taken 0 (throw)
        1:   46-block  0
call    3 returned 1
branch  4 taken 1 (fallthrough)
branch  5 taken 0 (throw)
        1:   46-block  1
call    6 returned 1
branch  7 taken 1 (fallthrough)
branch  8 taken 0 (throw)
        1:   46-block  2
call    9 returned 1
branch 10 taken 1 (fallthrough)
branch 11 taken 0 (throw)
        1:   46-block  3
call   12 returned 1
branch 13 taken 1 (fallthrough)
branch 14 taken 0 (throw)
        1:   46-block  4
call   15 returned 1
call   16 returned 1
call   17 returned 1
call   18 returned 1
call   19 returned 1
branch 20 taken 0 (fallthrough)
branch 21 taken 1
    $$$$$:   46-block  5
call   22 never executed
branch 23 never executed
branch 24 never executed
    $$$$$:   46-block  6
call   25 never executed
branch 26 never executed
branch 27 never executed
    $$$$$:   46-block  7
call   28 never executed
branch 29 never executed
branch 30 never executed
    $$$$$:   46-block  8
call   31 never executed
branch 32 never executed
branch 33 never executed
    $$$$$:   46-block  9
call   34 never executed
call   35 never executed
        1:   46-block 10
call   36 returned 1
    %%%%%:   46-block 11
call   37 never executed
    %%%%%:   46-block 12
call   38 never executed
    %%%%%:   46-block 13
call   39 never executed
    %%%%%:   46-block 14
call   40 never executed
    %%%%%:   46-block 15
call   41 never executed
    %%%%%:   46-block 16
call   42 never executed
    %%%%%:   46-block 17
        1:   47:}
    %%%%%:   47-block  0
call    0 never executed
        -:   48:
        -:   49:
function _Z15encuesta_pruebaSt6vectorISt4pairIiiESaIS1_EE called 2 returned 100% blocks executed 61%
        2:   50:pair<eph_h, eph_i> encuesta_prueba(vector<pair<int, int>> pos) {
        2:   50-block  0
        -:   51:    eph_h th = {{22114, 2020,   3,  319611, 629088, 3,  41, 0,  1,  3,  1,  2},
        -:   52:                {31117, 2020,   3,  332870, 642475, 3,  40, 0,  1,  6,  6,  2},
        -:   53:                {22866, 2020,   3,  317157, 627217, 2,  42, 1,  1,  2,  2,  2},
       12:   54:                {20957, 2020,   3,  313965, 623297, 1,  43, 0,  1,  3,  1,  2}};
        2:   54-block  0
call    0 returned 2
call    1 returned 2
branch  2 taken 2 (fallthrough)
branch  3 taken 0 (throw)
        2:   54-block  1
call    4 returned 2
call    5 returned 2
branch  6 taken 2 (fallthrough)
branch  7 taken 0 (throw)
        2:   54-block  2
call    8 returned 2
call    9 returned 2
branch 10 taken 2 (fallthrough)
branch 11 taken 0 (throw)
        2:   54-block  3
call   12 returned 2
call   13 returned 2
branch 14 taken 2 (fallthrough)
branch 15 taken 0 (throw)
        2:   54-block  4
call   16 returned 2
call   17 returned 2
branch 18 taken 2 (fallthrough)
branch 19 taken 0 (throw)
        2:   54-block  5
call   20 returned 2
       10:   54-block  6
branch 21 taken 8 (fallthrough)
branch 22 taken 2
        8:   54-block  7
call   23 returned 8
        2:   54-block  8
call   24 returned 2
call   25 returned 2
call   26 returned 2
call   27 returned 2
call   28 returned 2
    %%%%%:   54-block  9
    %%%%%:   54-block 10
branch 29 never executed
branch 30 never executed
    %%%%%:   54-block 11
call   31 never executed
    %%%%%:   54-block 12
    %%%%%:   54-block 13
call   32 never executed
    %%%%%:   54-block 14
call   33 never executed
    %%%%%:   54-block 15
call   34 never executed
    %%%%%:   54-block 16
call   35 never executed
    %%%%%:   54-block 17
call   36 never executed
    %%%%%:   54-block 18
call   37 never executed
        -:   55:
        -:   56:    eph_i ti = {{20957, 2020,   1,  1,  3,  1,  88, 0,  0,  90000,  10},
        -:   57:                {20957, 2020,   2,  1,  3,  2,  82, 0,  0,  25000,  10},
        -:   58:                {31117, 2020,   1,  0,  3,  1,  58, 1,  3,  22000,  1},
        -:   59:                {31117, 2020,   2,  0,  3,  2,  54, 1,  1,  -1,     1},
        -:   60:                {31117, 2020,   3,  0,  3,  2,  46, 1,  3,  17000,  1},
        -:   61:                {31117, 2020,   4,  0,  3,  1,  20, 1,  3,  5000,   1},
        -:   62:                {31117, 2020,   5,  0,  3,  2,  15, 0,  0,  5000,   10},
        -:   63:                {31117, 2020,   6,  0,  3,  1,  7,  0,  0,  0,      10},
        -:   64:                {31117, 2020,   8,  0,  3,  2,  11, 0,  0,  0,      10},
        -:   65:                {31117, 2020,   9,  0,  3,  1,  50, 0,  2,  0,      10},
        -:   66:                {31117, 2020,   10, 0,  3,  1,  28, 1,  3,  5000,   1},
        -:   67:                {22866, 2020,   1,  0,  3,  1,  31, 1,  3,  59000,  10},
        -:   68:                {22866, 2020,   2,  1,  3,  2,  28, 1,  3,  0,      6},
       32:   69:                {22114, 2020,   1,  0,  3,  1,  18, 0,  0,  20000,  10}};
call    0 returned 2
call    1 returned 2
branch  2 taken 2 (fallthrough)
branch  3 taken 0 (throw)
        2:   69-block  0
call    4 returned 2
call    5 returned 2
branch  6 taken 2 (fallthrough)
branch  7 taken 0 (throw)
        2:   69-block  1
call    8 returned 2
call    9 returned 2
branch 10 taken 2 (fallthrough)
branch 11 taken 0 (throw)
        2:   69-block  2
call   12 returned 2
call   13 returned 2
branch 14 taken 2 (fallthrough)
branch 15 taken 0 (throw)
        2:   69-block  3
call   16 returned 2
call   17 returned 2
branch 18 taken 2 (fallthrough)
branch 19 taken 0 (throw)
        2:   69-block  4
call   20 returned 2
call   21 returned 2
branch 22 taken 2 (fallthrough)
branch 23 taken 0 (throw)
        2:   69-block  5
call   24 returned 2
call   25 returned 2
branch 26 taken 2 (fallthrough)
branch 27 taken 0 (throw)
        2:   69-block  6
call   28 returned 2
call   29 returned 2
branch 30 taken 2 (fallthrough)
branch 31 taken 0 (throw)
        2:   69-block  7
call   32 returned 2
call   33 returned 2
branch 34 taken 2 (fallthrough)
branch 35 taken 0 (throw)
        2:   69-block  8
call   36 returned 2
call   37 returned 2
branch 38 taken 2 (fallthrough)
branch 39 taken 0 (throw)
        2:   69-block  9
call   40 returned 2
call   41 returned 2
branch 42 taken 2 (fallthrough)
branch 43 taken 0 (throw)
        2:   69-block 10
call   44 returned 2
call   45 returned 2
branch 46 taken 2 (fallthrough)
branch 47 taken 0 (throw)
        2:   69-block 11
call   48 returned 2
call   49 returned 2
branch 50 taken 2 (fallthrough)
branch 51 taken 0 (throw)
        2:   69-block 12
call   52 returned 2
call   53 returned 2
branch 54 taken 2 (fallthrough)
branch 55 taken 0 (throw)
        2:   69-block 13
call   56 returned 2
call   57 returned 2
branch 58 taken 2 (fallthrough)
branch 59 taken 0 (throw)
        2:   69-block 14
call   60 returned 2
       30:   69-block 15
branch 61 taken 28 (fallthrough)
branch 62 taken 2
       28:   69-block 16
call   63 returned 28
        2:   69-block 17
call   64 returned 2
call   65 returned 2
call   66 returned 2
call   67 returned 2
call   68 returned 2
call   69 returned 2
call   70 returned 2
call   71 returned 2
call   72 returned 2
call   73 returned 2
call   74 returned 2
call   75 returned 2
call   76 returned 2
call   77 returned 2
        2:   69-block 18
call   78 returned 2
    %%%%%:   69-block 19
    %%%%%:   69-block 20
branch 79 never executed
branch 80 never executed
    %%%%%:   69-block 21
call   81 never executed
    %%%%%:   69-block 22
    %%%%%:   69-block 23
call   82 never executed
    %%%%%:   69-block 24
call   83 never executed
    %%%%%:   69-block 25
call   84 never executed
    %%%%%:   69-block 26
call   85 never executed
    %%%%%:   69-block 27
call   86 never executed
    %%%%%:   69-block 28
call   87 never executed
    %%%%%:   69-block 29
call   88 never executed
    %%%%%:   69-block 30
call   89 never executed
    %%%%%:   69-block 31
call   90 never executed
    %%%%%:   69-block 32
call   91 never executed
    %%%%%:   69-block 33
call   92 never executed
    %%%%%:   69-block 34
call   93 never executed
    %%%%%:   69-block 35
call   94 never executed
    %%%%%:   69-block 36
call   95 never executed
    %%%%%:   69-block 37
call   96 never executed
        -:   70:
       10:   71:    for(int i=0; i<pos.size(); i++) {
       10:   71-block  0
call    0 returned 10
branch  1 taken 8 (fallthrough)
branch  2 taken 2
        8:   72:        th[i][HOGLATITUD] = pos[i].first;
        8:   72-block  0
call    0 returned 8
call    1 returned 8
call    2 returned 8
        8:   73:        th[i][HOGLONGITUD] = pos[i].second;
call    0 returned 8
call    1 returned 8
call    2 returned 8
        -:   74:    }
        -:   75:
        4:   76:    return make_pair(th, ti);
        2:   76-block  0
call    0 returned 2
branch  1 taken 2 (fallthrough)
branch  2 taken 0 (throw)
        2:   76-block  1
        2:   76-block  2
    %%%%%:   76-block  3
call    3 never executed
function _GLOBAL__sub_I__ZN55histogramaDeAnillosConcentricosTEST_primeroYUltimo_Test10test_info_E called 1 returned 100% blocks executed 100%
function _Z41__static_initialization_and_destruction_0ii called 1 returned 100% blocks executed 71%
        4:   77:}
        1:   77-block  0
        1:   77-block  1
call    0 returned 1
        1:   77-block  2
        1:   77-block  3
branch  1 taken 1 (fallthrough)
branch  2 taken 0
        1:   77-block  4
branch  3 taken 1 (fallthrough)
branch  4 taken 0
        1:   77-block  5
