        -:    0:Source:C:/Users/Rami y Santi/Desktop/UBA Exactas/Segundo Cuatrimestre 2021/Algo1/Parciales y Tps/TPI/Nueva carpeta/template-alumnos/test/muestraHomogeneaTEST.cpp
        -:    0:Graph:C:\Users\Rami y Santi\Desktop\UBA Exactas\Segundo Cuatrimestre 2021\Algo1\Parciales y Tps\TPI\Nueva carpeta\template-alumnos\cmake-build-debug\CMakeFiles\tpi.dir\test\muestraHomogeneaTEST.gcno
        -:    0:Data:C:\Users\Rami y Santi\Desktop\UBA Exactas\Segundo Cuatrimestre 2021\Algo1\Parciales y Tps\TPI\Nueva carpeta\template-alumnos\cmake-build-debug\CMakeFiles\tpi.dir\test\muestraHomogeneaTEST.gcda
        -:    0:Runs:1
        -:    0:Programs:1
        -:    1:#include "../definiciones.h"
        -:    2:#include "../Funciones_TPI.h"
        -:    3:#include "../ejercicios.h"
        -:    4:#include "../auxiliares.h"
        -:    5:#include "gtest/gtest.h"
        -:    6:#include <iostream>
        -:    7:#include <string>
        -:    8:
        -:    9:using namespace std;
        -:   10:
function _ZN40muestraHomogeneaTEST_unaSolucionDe4_TestD0Ev called 1 returned 100% blocks executed 100%
function _ZN40muestraHomogeneaTEST_unaSolucionDe4_TestD1Ev called 1 returned 100% blocks executed 100%
function _ZN40muestraHomogeneaTEST_unaSolucionDe4_Test8TestBodyEv called 1 returned 100% blocks executed 54%
function _ZN40muestraHomogeneaTEST_unaSolucionDe4_TestC1Ev called 1 returned 100% blocks executed 100%
        8:   11:TEST(muestraHomogeneaTEST, unaSolucionDe4) {
call    0 returned 1
call    1 returned 1
call    2 returned 1
call    3 returned 1
call    4 returned 1
branch  5 taken 1 (fallthrough)
branch  6 taken 0 (throw)
        1:   11-block  0
call    7 returned 1
branch  8 taken 1 (fallthrough)
branch  9 taken 0 (throw)
        1:   11-block  1
call   10 returned 1
branch 11 taken 1 (fallthrough)
branch 12 taken 0 (throw)
        1:   11-block  2
call   13 returned 1
call   14 returned 1
call   15 returned 1
    %%%%%:   11-block  3
call   16 never executed
    %%%%%:   11-block  4
call   17 never executed
    %%%%%:   11-block  5
call   18 never executed
call   19 never executed
        1:   11-block  6
        1:   11-block  7
call   20 returned 1
call   21 returned 1
        1:   11-block  8
        1:   11-block  9
call   22 returned 1
        1:   11-block 10
        1:   11-block 11
        1:   11-block 12
call   23 returned 1
        -:   12:    vector <hogar> res = {{2354, 2018, 1, 1, 2, 1, 1, 1, 1, 2, 1, 1},
        -:   13:                          {1,    2018, 1, 1, 2, 1, 1, 1, 1, 2, 1, 1},
        -:   14:                          {4377, 2018, 1, 1, 2, 1, 1, 1, 1, 2, 1, 1},
        6:   15:                          {340,  2018, 1, 1, 1, 1, 1, 1, 1, 2, 1, 1}};
        1:   15-block  0
call    0 returned 1
call    1 returned 1
branch  2 taken 1 (fallthrough)
branch  3 taken 0 (throw)
        1:   15-block  1
call    4 returned 1
call    5 returned 1
branch  6 taken 1 (fallthrough)
branch  7 taken 0 (throw)
        1:   15-block  2
call    8 returned 1
call    9 returned 1
branch 10 taken 1 (fallthrough)
branch 11 taken 0 (throw)
        1:   15-block  3
call   12 returned 1
call   13 returned 1
branch 14 taken 1 (fallthrough)
branch 15 taken 0 (throw)
        1:   15-block  4
call   16 returned 1
call   17 returned 1
branch 18 taken 1 (fallthrough)
branch 19 taken 0 (throw)
        1:   15-block  5
call   20 returned 1
        5:   15-block  6
branch 21 taken 4 (fallthrough)
branch 22 taken 1
        4:   15-block  7
call   23 returned 4
        1:   15-block  8
call   24 returned 1
call   25 returned 1
call   26 returned 1
call   27 returned 1
call   28 returned 1
    %%%%%:   15-block  9
    %%%%%:   15-block 10
branch 29 never executed
branch 30 never executed
    %%%%%:   15-block 11
call   31 never executed
    %%%%%:   15-block 12
    %%%%%:   15-block 13
call   32 never executed
    %%%%%:   15-block 14
call   33 never executed
    %%%%%:   15-block 15
call   34 never executed
    %%%%%:   15-block 16
call   35 never executed
    %%%%%:   15-block 17
call   36 never executed
    %%%%%:   15-block 18
call   37 never executed
        -:   16:    eph_h th = {
        -:   17:            {960,  2018, 1, 1, 1, 1, 1, 1, 1, 2, 1, 1},
        -:   18:            {340,  2018, 1, 1, 1, 1, 1, 1, 1, 2, 1, 1},
        -:   19:            {1009, 2018, 1, 1, 2, 1, 1, 1, 1, 2, 1, 1},
        -:   20:            {210,  2018, 1, 1, 2, 1, 1, 1, 1, 2, 1, 1},
        -:   21:            {4377, 2018, 1, 1, 2, 1, 1, 1, 1, 2, 1, 1},
        -:   22:            {200,  2018, 1, 1, 2, 1, 1, 1, 1, 2, 1, 1},
        -:   23:            {334,  2018, 1, 1, 2, 1, 1, 1, 1, 2, 1, 1},
        -:   24:            {543,  2018, 1, 1, 2, 1, 1, 1, 1, 2, 1, 1},
        -:   25:            {2354, 2018, 1, 1, 2, 1, 1, 1, 1, 2, 1, 1},
        -:   26:            {1,    2018, 1, 1, 2, 1, 1, 1, 1, 2, 1, 1},
       12:   27:    };
call    0 returned 1
call    1 returned 1
branch  2 taken 1 (fallthrough)
branch  3 taken 0 (throw)
        1:   27-block  0
call    4 returned 1
call    5 returned 1
branch  6 taken 1 (fallthrough)
branch  7 taken 0 (throw)
        1:   27-block  1
call    8 returned 1
call    9 returned 1
branch 10 taken 1 (fallthrough)
branch 11 taken 0 (throw)
        1:   27-block  2
call   12 returned 1
call   13 returned 1
branch 14 taken 1 (fallthrough)
branch 15 taken 0 (throw)
        1:   27-block  3
call   16 returned 1
call   17 returned 1
branch 18 taken 1 (fallthrough)
branch 19 taken 0 (throw)
        1:   27-block  4
call   20 returned 1
call   21 returned 1
branch 22 taken 1 (fallthrough)
branch 23 taken 0 (throw)
        1:   27-block  5
call   24 returned 1
call   25 returned 1
branch 26 taken 1 (fallthrough)
branch 27 taken 0 (throw)
        1:   27-block  6
call   28 returned 1
call   29 returned 1
branch 30 taken 1 (fallthrough)
branch 31 taken 0 (throw)
        1:   27-block  7
call   32 returned 1
call   33 returned 1
branch 34 taken 1 (fallthrough)
branch 35 taken 0 (throw)
        1:   27-block  8
call   36 returned 1
call   37 returned 1
branch 38 taken 1 (fallthrough)
branch 39 taken 0 (throw)
        1:   27-block  9
call   40 returned 1
call   41 returned 1
branch 42 taken 1 (fallthrough)
branch 43 taken 0 (throw)
        1:   27-block 10
call   44 returned 1
       11:   27-block 11
branch 45 taken 10 (fallthrough)
branch 46 taken 1
       10:   27-block 12
call   47 returned 10
        1:   27-block 13
call   48 returned 1
call   49 returned 1
call   50 returned 1
call   51 returned 1
call   52 returned 1
call   53 returned 1
call   54 returned 1
call   55 returned 1
call   56 returned 1
call   57 returned 1
call   58 returned 1
    %%%%%:   27-block 14
    %%%%%:   27-block 15
branch 59 never executed
branch 60 never executed
    %%%%%:   27-block 16
call   61 never executed
    %%%%%:   27-block 17
    %%%%%:   27-block 18
call   62 never executed
    %%%%%:   27-block 19
call   63 never executed
    %%%%%:   27-block 20
call   64 never executed
    %%%%%:   27-block 21
call   65 never executed
    %%%%%:   27-block 22
call   66 never executed
    %%%%%:   27-block 23
call   67 never executed
    %%%%%:   27-block 24
call   68 never executed
    %%%%%:   27-block 25
call   69 never executed
    %%%%%:   27-block 26
call   70 never executed
    %%%%%:   27-block 27
call   71 never executed
    %%%%%:   27-block 28
call   72 never executed
    %%%%%:   27-block 29
call   73 never executed
        -:   28:
        -:   29:    eph_i ti = {{543,   2018, 1, 1, 1, 1, 36, 1,  3, 1, 1}, // 1
        -:   30:                {334,   2018, 1, 1, 1, 1, 36, 1,  3, 90, 1},
        -:   31:                {340,   2018, 1, 1, 1, 1, 36, 1,  3, 30, 1}, // 35
        -:   32:                {340,   2018, 3, 1, 1, 1, 36, 1,  3, 5, 1},
        -:   33:                {334,   2018, 2, 1, 1, 1, 31, 1,  3, 90, 1},
        -:   34:                {1009,  2018, 1, 1, 1, 2, 36, 1,  3, 26, 1}, // 26
        -:   35:                {210,   2018, 1, 1, 1, 1, 36, 1,  1, 25, 1}, // 27
        -:   36:                {210,   2018, 2, 1, 1, 1, 36, 1,  3, 2, 1},
        -:   37:                {1,     2018, 1, 1, 1, 2, 5,  1,  2, 25, 1},  // 25
        -:   38:                {4377,  2018, 1, 1, 1, 1, 36, 1,  3, 15, 1}, // 30
        -:   39:                {4377,  2018, 3, 1, 1, 1, 7,  1,  3, 15, 1},
        -:   40:                {2354,  2018, 1, 1, 1, 2, 36, 1,  3, 20, 1}, // 20
        -:   41:                {200,   2018, 2, 1, 1, 1, 36, 1,  3, 0, 1}, // 0
        -:   42:                {960,   2018, 3, 1, 1, 2, 51, 1,  4, 0,  1}, // 0
        -:   43:                {960,   2018, 2, 1, 1, 2, 51, 1,  4, 0,  1},
        -:   44:                {960,   2018, 1, 1, 1, 2, 51, 1,  4, 0,  1}
       18:   45:    };
call    0 returned 1
call    1 returned 1
branch  2 taken 1 (fallthrough)
branch  3 taken 0 (throw)
        1:   45-block  0
call    4 returned 1
call    5 returned 1
branch  6 taken 1 (fallthrough)
branch  7 taken 0 (throw)
        1:   45-block  1
call    8 returned 1
call    9 returned 1
branch 10 taken 1 (fallthrough)
branch 11 taken 0 (throw)
        1:   45-block  2
call   12 returned 1
call   13 returned 1
branch 14 taken 1 (fallthrough)
branch 15 taken 0 (throw)
        1:   45-block  3
call   16 returned 1
call   17 returned 1
branch 18 taken 1 (fallthrough)
branch 19 taken 0 (throw)
        1:   45-block  4
call   20 returned 1
call   21 returned 1
branch 22 taken 1 (fallthrough)
branch 23 taken 0 (throw)
        1:   45-block  5
call   24 returned 1
call   25 returned 1
branch 26 taken 1 (fallthrough)
branch 27 taken 0 (throw)
        1:   45-block  6
call   28 returned 1
call   29 returned 1
branch 30 taken 1 (fallthrough)
branch 31 taken 0 (throw)
        1:   45-block  7
call   32 returned 1
call   33 returned 1
branch 34 taken 1 (fallthrough)
branch 35 taken 0 (throw)
        1:   45-block  8
call   36 returned 1
call   37 returned 1
branch 38 taken 1 (fallthrough)
branch 39 taken 0 (throw)
        1:   45-block  9
call   40 returned 1
call   41 returned 1
branch 42 taken 1 (fallthrough)
branch 43 taken 0 (throw)
        1:   45-block 10
call   44 returned 1
call   45 returned 1
branch 46 taken 1 (fallthrough)
branch 47 taken 0 (throw)
        1:   45-block 11
call   48 returned 1
call   49 returned 1
branch 50 taken 1 (fallthrough)
branch 51 taken 0 (throw)
        1:   45-block 12
call   52 returned 1
call   53 returned 1
branch 54 taken 1 (fallthrough)
branch 55 taken 0 (throw)
        1:   45-block 13
call   56 returned 1
call   57 returned 1
branch 58 taken 1 (fallthrough)
branch 59 taken 0 (throw)
        1:   45-block 14
call   60 returned 1
call   61 returned 1
branch 62 taken 1 (fallthrough)
branch 63 taken 0 (throw)
        1:   45-block 15
call   64 returned 1
call   65 returned 1
branch 66 taken 1 (fallthrough)
branch 67 taken 0 (throw)
        1:   45-block 16
call   68 returned 1
       17:   45-block 17
branch 69 taken 16 (fallthrough)
branch 70 taken 1
       16:   45-block 18
call   71 returned 16
        1:   45-block 19
call   72 returned 1
call   73 returned 1
call   74 returned 1
call   75 returned 1
call   76 returned 1
call   77 returned 1
call   78 returned 1
call   79 returned 1
call   80 returned 1
call   81 returned 1
call   82 returned 1
call   83 returned 1
call   84 returned 1
call   85 returned 1
call   86 returned 1
call   87 returned 1
call   88 returned 1
    %%%%%:   45-block 20
    %%%%%:   45-block 21
branch 89 never executed
branch 90 never executed
    %%%%%:   45-block 22
call   91 never executed
    %%%%%:   45-block 23
    %%%%%:   45-block 24
call   92 never executed
    %%%%%:   45-block 25
call   93 never executed
    %%%%%:   45-block 26
call   94 never executed
    %%%%%:   45-block 27
call   95 never executed
    %%%%%:   45-block 28
call   96 never executed
    %%%%%:   45-block 29
call   97 never executed
    %%%%%:   45-block 30
call   98 never executed
    %%%%%:   45-block 31
call   99 never executed
    %%%%%:   45-block 32
call   100 never executed
    %%%%%:   45-block 33
call   101 never executed
    %%%%%:   45-block 34
call   102 never executed
    %%%%%:   45-block 35
call   103 never executed
    %%%%%:   45-block 36
call   104 never executed
    %%%%%:   45-block 37
call   105 never executed
    %%%%%:   45-block 38
call   106 never executed
    %%%%%:   45-block 39
call   107 never executed
    %%%%%:   45-block 40
call   108 never executed
    %%%%%:   45-block 41
call   109 never executed
        1:   46:    EXPECT_EQ(res,muestraHomogenea(th,ti));
call    0 returned 1
branch  1 taken 1 (fallthrough)
branch  2 taken 0 (throw)
        1:   46-block  0
call    3 returned 1
branch  4 taken 1 (fallthrough)
branch  5 taken 0 (throw)
        1:   46-block  1
call    6 returned 1
call    7 returned 1
branch  8 taken 0 (fallthrough)
branch  9 taken 1
    $$$$$:   46-block  2
call   10 never executed
branch 11 never executed
branch 12 never executed
    $$$$$:   46-block  3
call   13 never executed
branch 14 never executed
branch 15 never executed
    $$$$$:   46-block  4
call   16 never executed
branch 17 never executed
branch 18 never executed
    $$$$$:   46-block  5
call   19 never executed
branch 20 never executed
branch 21 never executed
    $$$$$:   46-block  6
call   22 never executed
call   23 never executed
        1:   46-block  7
call   24 returned 1
    %%%%%:   46-block  8
call   25 never executed
    %%%%%:   46-block  9
call   26 never executed
    %%%%%:   46-block 10
call   27 never executed
    %%%%%:   46-block 11
        1:   47:}
    %%%%%:   47-block  0
call    0 never executed
        -:   48:
        -:   49:
function _ZN42muestraHomogeneaTEST_dosSolucionesDe3_TestD0Ev called 1 returned 100% blocks executed 100%
function _ZN42muestraHomogeneaTEST_dosSolucionesDe3_TestD1Ev called 1 returned 100% blocks executed 100%
function _ZN42muestraHomogeneaTEST_dosSolucionesDe3_Test8TestBodyEv called 1 returned 100% blocks executed 54%
function _ZN42muestraHomogeneaTEST_dosSolucionesDe3_TestC1Ev called 1 returned 100% blocks executed 100%
        8:   50:TEST(muestraHomogeneaTEST, dosSolucionesDe3) {
call    0 returned 1
call    1 returned 1
call    2 returned 1
call    3 returned 1
call    4 returned 1
branch  5 taken 1 (fallthrough)
branch  6 taken 0 (throw)
        1:   50-block  0
call    7 returned 1
branch  8 taken 1 (fallthrough)
branch  9 taken 0 (throw)
        1:   50-block  1
call   10 returned 1
branch 11 taken 1 (fallthrough)
branch 12 taken 0 (throw)
        1:   50-block  2
call   13 returned 1
call   14 returned 1
call   15 returned 1
    %%%%%:   50-block  3
call   16 never executed
    %%%%%:   50-block  4
call   17 never executed
    %%%%%:   50-block  5
call   18 never executed
call   19 never executed
        1:   50-block  6
        1:   50-block  7
call   20 returned 1
call   21 returned 1
        1:   50-block  8
        1:   50-block  9
call   22 returned 1
        1:   50-block 10
        1:   50-block 11
        1:   50-block 12
call   23 returned 1
        -:   51:    vector <hogar> res1 = {{1,    2018, 1, 1, 2, 1, 1, 1, 1, 2,1,1},
        -:   52:                           {210,  2018, 1, 1, 2, 1, 1, 1, 1, 2,1,1},
        5:   53:                           {340,  2018, 1, 1, 1, 1, 1, 1, 1, 2,1,1}};
        1:   53-block  0
call    0 returned 1
call    1 returned 1
branch  2 taken 1 (fallthrough)
branch  3 taken 0 (throw)
        1:   53-block  1
call    4 returned 1
call    5 returned 1
branch  6 taken 1 (fallthrough)
branch  7 taken 0 (throw)
        1:   53-block  2
call    8 returned 1
call    9 returned 1
branch 10 taken 1 (fallthrough)
branch 11 taken 0 (throw)
        1:   53-block  3
call   12 returned 1
call   13 returned 1
branch 14 taken 1 (fallthrough)
branch 15 taken 0 (throw)
        1:   53-block  4
call   16 returned 1
        4:   53-block  5
branch 17 taken 3 (fallthrough)
branch 18 taken 1
        3:   53-block  6
call   19 returned 3
        1:   53-block  7
call   20 returned 1
call   21 returned 1
call   22 returned 1
call   23 returned 1
    %%%%%:   53-block  8
    %%%%%:   53-block  9
branch 24 never executed
branch 25 never executed
    %%%%%:   53-block 10
call   26 never executed
    %%%%%:   53-block 11
    %%%%%:   53-block 12
call   27 never executed
    %%%%%:   53-block 13
call   28 never executed
    %%%%%:   53-block 14
call   29 never executed
    %%%%%:   53-block 15
call   30 never executed
    %%%%%:   53-block 16
call   31 never executed
        -:   54:
        -:   55:    vector <hogar> res2 = {{1,    2018, 1, 1, 2, 1, 1, 1, 1, 2,1,1},
        -:   56:                           {210,  2018, 1, 1, 2, 1, 1, 1, 1, 2,1,1},
        5:   57:                           {4377, 2018, 1, 1, 2, 1, 1, 1, 1, 2,1,1}};
call    0 returned 1
call    1 returned 1
branch  2 taken 1 (fallthrough)
branch  3 taken 0 (throw)
        1:   57-block  0
call    4 returned 1
call    5 returned 1
branch  6 taken 1 (fallthrough)
branch  7 taken 0 (throw)
        1:   57-block  1
call    8 returned 1
call    9 returned 1
branch 10 taken 1 (fallthrough)
branch 11 taken 0 (throw)
        1:   57-block  2
call   12 returned 1
call   13 returned 1
branch 14 taken 1 (fallthrough)
branch 15 taken 0 (throw)
        1:   57-block  3
call   16 returned 1
        4:   57-block  4
branch 17 taken 3 (fallthrough)
branch 18 taken 1
        3:   57-block  5
call   19 returned 3
        1:   57-block  6
call   20 returned 1
call   21 returned 1
call   22 returned 1
call   23 returned 1
    %%%%%:   57-block  7
    %%%%%:   57-block  8
branch 24 never executed
branch 25 never executed
    %%%%%:   57-block  9
call   26 never executed
    %%%%%:   57-block 10
    %%%%%:   57-block 11
call   27 never executed
    %%%%%:   57-block 12
call   28 never executed
    %%%%%:   57-block 13
call   29 never executed
    %%%%%:   57-block 14
call   30 never executed
    %%%%%:   57-block 15
call   31 never executed
        -:   58:
        -:   59:    eph_h th = {
        -:   60:            {960,  2018, 1, 1, 1, 1, 1, 1, 1, 2,1,1},
        -:   61:            {340,  2018, 1, 1, 1, 1, 1, 1, 1, 2,1,1},
        -:   62:            {1009, 2018, 1, 1, 2, 1, 1, 1, 1, 2,1,1},
        -:   63:            {210,  2018, 1, 1, 2, 1, 1, 1, 1, 2,1,1},
        -:   64:            {4377, 2018, 1, 1, 2, 1, 1, 1, 1, 2,1,1},
        -:   65:            {200,  2018, 1, 1, 2, 1, 1, 1, 1, 2,1,1},
        -:   66:            {334,  2018, 1, 1, 2, 1, 1, 1, 1, 2,1,1},
        -:   67:            {543,  2018, 1, 1, 2, 1, 1, 1, 1, 2,1,1},
        -:   68:            {2354, 2018, 1, 1, 2, 1, 1, 1, 1, 2,1,1},
        -:   69:            {1,    2018, 1, 1, 2, 1, 1, 1, 1, 2,1,1},
        -:   70:            {800,  2018, 1, 1, 2, 1, 1, 1, 1, 2,1,1},
       13:   71:    };
call    0 returned 1
call    1 returned 1
branch  2 taken 1 (fallthrough)
branch  3 taken 0 (throw)
        1:   71-block  0
call    4 returned 1
call    5 returned 1
branch  6 taken 1 (fallthrough)
branch  7 taken 0 (throw)
        1:   71-block  1
call    8 returned 1
call    9 returned 1
branch 10 taken 1 (fallthrough)
branch 11 taken 0 (throw)
        1:   71-block  2
call   12 returned 1
call   13 returned 1
branch 14 taken 1 (fallthrough)
branch 15 taken 0 (throw)
        1:   71-block  3
call   16 returned 1
call   17 returned 1
branch 18 taken 1 (fallthrough)
branch 19 taken 0 (throw)
        1:   71-block  4
call   20 returned 1
call   21 returned 1
branch 22 taken 1 (fallthrough)
branch 23 taken 0 (throw)
        1:   71-block  5
call   24 returned 1
call   25 returned 1
branch 26 taken 1 (fallthrough)
branch 27 taken 0 (throw)
        1:   71-block  6
call   28 returned 1
call   29 returned 1
branch 30 taken 1 (fallthrough)
branch 31 taken 0 (throw)
        1:   71-block  7
call   32 returned 1
call   33 returned 1
branch 34 taken 1 (fallthrough)
branch 35 taken 0 (throw)
        1:   71-block  8
call   36 returned 1
call   37 returned 1
branch 38 taken 1 (fallthrough)
branch 39 taken 0 (throw)
        1:   71-block  9
call   40 returned 1
call   41 returned 1
branch 42 taken 1 (fallthrough)
branch 43 taken 0 (throw)
        1:   71-block 10
call   44 returned 1
call   45 returned 1
branch 46 taken 1 (fallthrough)
branch 47 taken 0 (throw)
        1:   71-block 11
call   48 returned 1
       12:   71-block 12
branch 49 taken 11 (fallthrough)
branch 50 taken 1
       11:   71-block 13
call   51 returned 11
        1:   71-block 14
call   52 returned 1
call   53 returned 1
call   54 returned 1
call   55 returned 1
call   56 returned 1
call   57 returned 1
call   58 returned 1
call   59 returned 1
call   60 returned 1
call   61 returned 1
call   62 returned 1
call   63 returned 1
    %%%%%:   71-block 15
    %%%%%:   71-block 16
branch 64 never executed
branch 65 never executed
    %%%%%:   71-block 17
call   66 never executed
    %%%%%:   71-block 18
    %%%%%:   71-block 19
call   67 never executed
    %%%%%:   71-block 20
call   68 never executed
    %%%%%:   71-block 21
call   69 never executed
    %%%%%:   71-block 22
call   70 never executed
    %%%%%:   71-block 23
call   71 never executed
    %%%%%:   71-block 24
call   72 never executed
    %%%%%:   71-block 25
call   73 never executed
    %%%%%:   71-block 26
call   74 never executed
    %%%%%:   71-block 27
call   75 never executed
    %%%%%:   71-block 28
call   76 never executed
    %%%%%:   71-block 29
call   77 never executed
    %%%%%:   71-block 30
call   78 never executed
    %%%%%:   71-block 31
call   79 never executed
        -:   72:
        -:   73:    eph_i ti = {{543,  2018, 1, 1, 1, 1, 36, 1,  3, 1,  1}, // 1
        -:   74:                {334,  2018, 1, 1, 1, 1, 36, 1,  3, 1,  1}, // 3
        -:   75:                {334,  2018, 2, 1, 1, 1, 36, 1,  3, 2,  1},
        -:   76:                {340,  2018, 1, 1, 1, 1, 36, 1,  3, 30,  1},  // 30
        -:   77:                {340,  2018, 3, 1, 1, 1, 36, 1,  3, 0,  1},
        -:   78:                {1009, 2018, 1, 1, 1, 1, 36, 1,  3, 26,  1}, // 26
        -:   79:                {210,  2018, 1, 1, 1, 1, 36, 1,  3, 25,  1}, // 27
        -:   80:                {210,  2018, 2, 1, 1, 1, 36, 1,  3, 2,  1},
        -:   81:                {1,    2018, 1, 1, 1, 1, 36, 1,  3, 24,  1}, // 24
        -:   82:                {4377, 2018, 1, 1, 1, 1, 36, 1,  3, 15,  1}, // 30
        -:   83:                {4377, 2018, 3, 1, 1, 1, 36, 1,  3, 15,  1},
        -:   84:                {2354, 2018, 1, 1, 1, 1, 36, 1,  3, 20,  1}, // 20
        -:   85:                {800,  2018, 2, 1, 1, 1, 36, 1,  3, 0,  1}, // 0
        -:   86:                {200,  2018, 2, 1, 1, 1, 36, 1,  3, 0,  1}, // 0
        -:   87:                {960,  2018, 3, 1, 1, 2, 51, 1,  4, 0,   1}, // 0
        -:   88:                {960,  2018, 2, 1, 1, 2, 51, 1,  4, 0,   1},
       19:   89:                {960,  2018, 1, 1, 1, 2, 51, 1,  4, 0,   1}};
call    0 returned 1
call    1 returned 1
branch  2 taken 1 (fallthrough)
branch  3 taken 0 (throw)
        1:   89-block  0
call    4 returned 1
call    5 returned 1
branch  6 taken 1 (fallthrough)
branch  7 taken 0 (throw)
        1:   89-block  1
call    8 returned 1
call    9 returned 1
branch 10 taken 1 (fallthrough)
branch 11 taken 0 (throw)
        1:   89-block  2
call   12 returned 1
call   13 returned 1
branch 14 taken 1 (fallthrough)
branch 15 taken 0 (throw)
        1:   89-block  3
call   16 returned 1
call   17 returned 1
branch 18 taken 1 (fallthrough)
branch 19 taken 0 (throw)
        1:   89-block  4
call   20 returned 1
call   21 returned 1
branch 22 taken 1 (fallthrough)
branch 23 taken 0 (throw)
        1:   89-block  5
call   24 returned 1
call   25 returned 1
branch 26 taken 1 (fallthrough)
branch 27 taken 0 (throw)
        1:   89-block  6
call   28 returned 1
call   29 returned 1
branch 30 taken 1 (fallthrough)
branch 31 taken 0 (throw)
        1:   89-block  7
call   32 returned 1
call   33 returned 1
branch 34 taken 1 (fallthrough)
branch 35 taken 0 (throw)
        1:   89-block  8
call   36 returned 1
call   37 returned 1
branch 38 taken 1 (fallthrough)
branch 39 taken 0 (throw)
        1:   89-block  9
call   40 returned 1
call   41 returned 1
branch 42 taken 1 (fallthrough)
branch 43 taken 0 (throw)
        1:   89-block 10
call   44 returned 1
call   45 returned 1
branch 46 taken 1 (fallthrough)
branch 47 taken 0 (throw)
        1:   89-block 11
call   48 returned 1
call   49 returned 1
branch 50 taken 1 (fallthrough)
branch 51 taken 0 (throw)
        1:   89-block 12
call   52 returned 1
call   53 returned 1
branch 54 taken 1 (fallthrough)
branch 55 taken 0 (throw)
        1:   89-block 13
call   56 returned 1
call   57 returned 1
branch 58 taken 1 (fallthrough)
branch 59 taken 0 (throw)
        1:   89-block 14
call   60 returned 1
call   61 returned 1
branch 62 taken 1 (fallthrough)
branch 63 taken 0 (throw)
        1:   89-block 15
call   64 returned 1
call   65 returned 1
branch 66 taken 1 (fallthrough)
branch 67 taken 0 (throw)
        1:   89-block 16
call   68 returned 1
call   69 returned 1
branch 70 taken 1 (fallthrough)
branch 71 taken 0 (throw)
        1:   89-block 17
call   72 returned 1
       18:   89-block 18
branch 73 taken 17 (fallthrough)
branch 74 taken 1
       17:   89-block 19
call   75 returned 17
        1:   89-block 20
call   76 returned 1
call   77 returned 1
call   78 returned 1
call   79 returned 1
call   80 returned 1
call   81 returned 1
call   82 returned 1
call   83 returned 1
call   84 returned 1
call   85 returned 1
call   86 returned 1
call   87 returned 1
call   88 returned 1
call   89 returned 1
call   90 returned 1
call   91 returned 1
call   92 returned 1
call   93 returned 1
    %%%%%:   89-block 21
    %%%%%:   89-block 22
branch 94 never executed
branch 95 never executed
    %%%%%:   89-block 23
call   96 never executed
    %%%%%:   89-block 24
    %%%%%:   89-block 25
call   97 never executed
    %%%%%:   89-block 26
call   98 never executed
    %%%%%:   89-block 27
call   99 never executed
    %%%%%:   89-block 28
call   100 never executed
    %%%%%:   89-block 29
call   101 never executed
    %%%%%:   89-block 30
call   102 never executed
    %%%%%:   89-block 31
call   103 never executed
    %%%%%:   89-block 32
call   104 never executed
    %%%%%:   89-block 33
call   105 never executed
    %%%%%:   89-block 34
call   106 never executed
    %%%%%:   89-block 35
call   107 never executed
    %%%%%:   89-block 36
call   108 never executed
    %%%%%:   89-block 37
call   109 never executed
    %%%%%:   89-block 38
call   110 never executed
    %%%%%:   89-block 39
call   111 never executed
    %%%%%:   89-block 40
call   112 never executed
    %%%%%:   89-block 41
call   113 never executed
    %%%%%:   89-block 42
call   114 never executed
        2:   90:    vector <hogar> propuesto = muestraHomogenea(th,ti);
call    0 returned 1
branch  1 taken 1 (fallthrough)
branch  2 taken 0 (throw)
call    3 returned 1
    %%%%%:   90-block  0
call    4 never executed
        1:   91:    bool esperado = res1 == propuesto || res2 == propuesto;
        1:   91-block  0
call    0 returned 1
branch  1 taken 1 (fallthrough)
branch  2 taken 0 (throw)
        1:   91-block  1
branch  3 taken 0 (fallthrough)
branch  4 taken 1
    $$$$$:   91-block  2
call    5 never executed
branch  6 never executed
branch  7 never executed
    $$$$$:   91-block  3
branch  8 never executed
branch  9 never executed
        1:   91-block  4
    $$$$$:   91-block  5
        1:   92:    EXPECT_EQ(true,esperado);
        1:   92-block  0
call    0 returned 1
branch  1 taken 1 (fallthrough)
branch  2 taken 0 (throw)
        1:   92-block  1
call    3 returned 1
branch  4 taken 0 (fallthrough)
branch  5 taken 1
    $$$$$:   92-block  2
call    6 never executed
branch  7 never executed
branch  8 never executed
    $$$$$:   92-block  3
call    9 never executed
branch 10 never executed
branch 11 never executed
    $$$$$:   92-block  4
call   12 never executed
branch 13 never executed
branch 14 never executed
    $$$$$:   92-block  5
call   15 never executed
branch 16 never executed
branch 17 never executed
    $$$$$:   92-block  6
call   18 never executed
call   19 never executed
        1:   92-block  7
call   20 returned 1
    %%%%%:   92-block  8
    %%%%%:   92-block  9
call   21 never executed
    %%%%%:   92-block 10
call   22 never executed
    %%%%%:   92-block 11
call   23 never executed
    %%%%%:   92-block 12
        1:   93:}
    %%%%%:   93-block  0
call    0 never executed
        -:   94:
function _ZN52muestraHomogeneaTEST_noHaySolucionValidaMayora2_TestD0Ev called 1 returned 100% blocks executed 100%
function _ZN52muestraHomogeneaTEST_noHaySolucionValidaMayora2_TestD1Ev called 1 returned 100% blocks executed 100%
function _ZN52muestraHomogeneaTEST_noHaySolucionValidaMayora2_Test8TestBodyEv called 1 returned 100% blocks executed 50%
function _ZN52muestraHomogeneaTEST_noHaySolucionValidaMayora2_TestC1Ev called 1 returned 100% blocks executed 100%
        8:   95:TEST(muestraHomogeneaTEST, noHaySolucionValidaMayora2) {
call    0 returned 1
call    1 returned 1
call    2 returned 1
call    3 returned 1
call    4 returned 1
branch  5 taken 1 (fallthrough)
branch  6 taken 0 (throw)
        1:   95-block  0
call    7 returned 1
branch  8 taken 1 (fallthrough)
branch  9 taken 0 (throw)
        1:   95-block  1
call   10 returned 1
branch 11 taken 1 (fallthrough)
branch 12 taken 0 (throw)
        1:   95-block  2
call   13 returned 1
call   14 returned 1
call   15 returned 1
    %%%%%:   95-block  3
call   16 never executed
    %%%%%:   95-block  4
call   17 never executed
    %%%%%:   95-block  5
call   18 never executed
        1:   95-block  6
        1:   95-block  7
call   19 returned 1
call   20 returned 1
        1:   95-block  8
        1:   95-block  9
call   21 returned 1
        1:   95-block 10
        1:   95-block 11
        1:   95-block 12
call   22 returned 1
        2:   96:    vector <hogar> res = {};
        1:   96-block  0
call    0 returned 1
call    1 returned 1
    %%%%%:   96-block  1
call    2 never executed
        -:   97:
        -:   98:    eph_h th = {
        -:   99:            {960,  2018, 1, 1, 1, 1, 1, 1, 1, 2, 1, 1},
        -:  100:            {210,  2018, 1, 1, 2, 1, 1, 1, 1, 2, 1, 1},
        -:  101:            {4377, 2018, 1, 1, 2, 1, 1, 1, 1, 2, 1, 1},
        5:  102:    };
call    0 returned 1
call    1 returned 1
branch  2 taken 1 (fallthrough)
branch  3 taken 0 (throw)
        1:  102-block  0
call    4 returned 1
call    5 returned 1
branch  6 taken 1 (fallthrough)
branch  7 taken 0 (throw)
        1:  102-block  1
call    8 returned 1
call    9 returned 1
branch 10 taken 1 (fallthrough)
branch 11 taken 0 (throw)
        1:  102-block  2
call   12 returned 1
call   13 returned 1
branch 14 taken 1 (fallthrough)
branch 15 taken 0 (throw)
        1:  102-block  3
call   16 returned 1
        4:  102-block  4
branch 17 taken 3 (fallthrough)
branch 18 taken 1
        3:  102-block  5
call   19 returned 3
        1:  102-block  6
call   20 returned 1
call   21 returned 1
call   22 returned 1
call   23 returned 1
    %%%%%:  102-block  7
    %%%%%:  102-block  8
branch 24 never executed
branch 25 never executed
    %%%%%:  102-block  9
call   26 never executed
    %%%%%:  102-block 10
    %%%%%:  102-block 11
call   27 never executed
    %%%%%:  102-block 12
call   28 never executed
    %%%%%:  102-block 13
call   29 never executed
    %%%%%:  102-block 14
call   30 never executed
    %%%%%:  102-block 15
call   31 never executed
        -:  103:
        -:  104:    eph_i ti = {{210,   2018, 1, 1, 1, 1, 36, 1,  1, 25, 1}, // 27
        -:  105:                {210,   2018, 2, 1, 1, 1, 36, 1,  3, 2, 1},
        -:  106:                {4377,  2018, 1, 1, 1, 1, 36, 1,  3, 15, 1}, // 30
        -:  107:                {4377,  2018, 3, 1, 1, 1, 7,  1,  3, 15, 1},
        -:  108:                {960,   2018, 3, 1, 1, 2, 51, 1,  4, 0,  1}, // 0
        -:  109:                {960,   2018, 2, 1, 1, 2, 51, 1,  4, 0,  1},
        -:  110:                {960,   2018, 1, 1, 1, 2, 51, 1,  4, 0,  1}
        9:  111:    };
call    0 returned 1
call    1 returned 1
branch  2 taken 1 (fallthrough)
branch  3 taken 0 (throw)
        1:  111-block  0
call    4 returned 1
call    5 returned 1
branch  6 taken 1 (fallthrough)
branch  7 taken 0 (throw)
        1:  111-block  1
call    8 returned 1
call    9 returned 1
branch 10 taken 1 (fallthrough)
branch 11 taken 0 (throw)
        1:  111-block  2
call   12 returned 1
call   13 returned 1
branch 14 taken 1 (fallthrough)
branch 15 taken 0 (throw)
        1:  111-block  3
call   16 returned 1
call   17 returned 1
branch 18 taken 1 (fallthrough)
branch 19 taken 0 (throw)
        1:  111-block  4
call   20 returned 1
call   21 returned 1
branch 22 taken 1 (fallthrough)
branch 23 taken 0 (throw)
        1:  111-block  5
call   24 returned 1
call   25 returned 1
branch 26 taken 1 (fallthrough)
branch 27 taken 0 (throw)
        1:  111-block  6
call   28 returned 1
call   29 returned 1
branch 30 taken 1 (fallthrough)
branch 31 taken 0 (throw)
        1:  111-block  7
call   32 returned 1
        8:  111-block  8
branch 33 taken 7 (fallthrough)
branch 34 taken 1
        7:  111-block  9
call   35 returned 7
        1:  111-block 10
call   36 returned 1
call   37 returned 1
call   38 returned 1
call   39 returned 1
call   40 returned 1
call   41 returned 1
call   42 returned 1
call   43 returned 1
    %%%%%:  111-block 11
    %%%%%:  111-block 12
branch 44 never executed
branch 45 never executed
    %%%%%:  111-block 13
call   46 never executed
    %%%%%:  111-block 14
    %%%%%:  111-block 15
call   47 never executed
    %%%%%:  111-block 16
call   48 never executed
    %%%%%:  111-block 17
call   49 never executed
    %%%%%:  111-block 18
call   50 never executed
    %%%%%:  111-block 19
call   51 never executed
    %%%%%:  111-block 20
call   52 never executed
    %%%%%:  111-block 21
call   53 never executed
    %%%%%:  111-block 22
call   54 never executed
    %%%%%:  111-block 23
call   55 never executed
        1:  112:    EXPECT_EQ(res,muestraHomogenea(th,ti));
call    0 returned 1
branch  1 taken 1 (fallthrough)
branch  2 taken 0 (throw)
        1:  112-block  0
call    3 returned 1
branch  4 taken 1 (fallthrough)
branch  5 taken 0 (throw)
        1:  112-block  1
call    6 returned 1
call    7 returned 1
branch  8 taken 0 (fallthrough)
branch  9 taken 1
    $$$$$:  112-block  2
call   10 never executed
branch 11 never executed
branch 12 never executed
    $$$$$:  112-block  3
call   13 never executed
branch 14 never executed
branch 15 never executed
    $$$$$:  112-block  4
call   16 never executed
branch 17 never executed
branch 18 never executed
    $$$$$:  112-block  5
call   19 never executed
branch 20 never executed
branch 21 never executed
    $$$$$:  112-block  6
call   22 never executed
call   23 never executed
        1:  112-block  7
call   24 returned 1
    %%%%%:  112-block  8
call   25 never executed
    %%%%%:  112-block  9
call   26 never executed
    %%%%%:  112-block 10
call   27 never executed
    %%%%%:  112-block 11
function _GLOBAL__sub_I__ZN40muestraHomogeneaTEST_unaSolucionDe4_Test10test_info_E called 1 returned 100% blocks executed 100%
function _Z41__static_initialization_and_destruction_0ii called 1 returned 100% blocks executed 69%
        5:  113:}
        1:  113-block  0
        1:  113-block  1
call    0 returned 1
        1:  113-block  2
        1:  113-block  3
branch  1 taken 1 (fallthrough)
branch  2 taken 0
        1:  113-block  4
branch  3 taken 1 (fallthrough)
branch  4 taken 0
        1:  113-block  5
    %%%%%:  113-block  6
call    5 never executed
